INFO - 2025-01-21 13:41:30 --> Session: Class initialized using 'CodeIgniter\Session\Handlers\FileHandler' driver.
INFO - 2025-01-21 13:41:35 --> Session: Class initialized using 'CodeIgniter\Session\Handlers\FileHandler' driver.
INFO - 2025-01-21 13:41:48 --> Session: Class initialized using 'CodeIgniter\Session\Handlers\FileHandler' driver.
INFO - 2025-01-21 13:41:52 --> Session: Class initialized using 'CodeIgniter\Session\Handlers\FileHandler' driver.
INFO - 2025-01-21 13:41:53 --> Session: Class initialized using 'CodeIgniter\Session\Handlers\FileHandler' driver.
INFO - 2025-01-21 13:41:59 --> Session: Class initialized using 'CodeIgniter\Session\Handlers\FileHandler' driver.
INFO - 2025-01-21 13:42:01 --> Session: Class initialized using 'CodeIgniter\Session\Handlers\FileHandler' driver.
INFO - 2025-01-21 13:42:02 --> Session: Class initialized using 'CodeIgniter\Session\Handlers\FileHandler' driver.
INFO - 2025-01-21 13:42:02 --> Session: Class initialized using 'CodeIgniter\Session\Handlers\FileHandler' driver.
INFO - 2025-01-21 14:03:24 --> Session: Class initialized using 'CodeIgniter\Session\Handlers\FileHandler' driver.
INFO - 2025-01-21 14:03:24 --> Session: Class initialized using 'CodeIgniter\Session\Handlers\FileHandler' driver.
INFO - 2025-01-21 14:03:24 --> Session: Class initialized using 'CodeIgniter\Session\Handlers\FileHandler' driver.
INFO - 2025-01-21 14:03:37 --> Session: Class initialized using 'CodeIgniter\Session\Handlers\FileHandler' driver.
INFO - 2025-01-21 14:03:38 --> Session: Class initialized using 'CodeIgniter\Session\Handlers\FileHandler' driver.
ERROR - 2025-01-21 14:03:38 --> mysqli_sql_exception: Unknown column 'assets' in 'where clause' in C:\xampp\htdocs\kingfacilities\system\Database\MySQLi\Connection.php:312
Stack trace:
#0 C:\xampp\htdocs\kingfacilities\system\Database\MySQLi\Connection.php(312): mysqli->query('\r\n        SELEC...', 0)
#1 C:\xampp\htdocs\kingfacilities\system\Database\BaseConnection.php(734): CodeIgniter\Database\MySQLi\Connection->execute('\r\n        SELEC...')
#2 C:\xampp\htdocs\kingfacilities\system\Database\BaseConnection.php(648): CodeIgniter\Database\BaseConnection->simpleQuery('\r\n        SELEC...')
#3 C:\xampp\htdocs\kingfacilities\app\Models\Cms\SuperModel.php(68): CodeIgniter\Database\BaseConnection->query('\r\n        SELEC...', Array)
#4 C:\xampp\htdocs\kingfacilities\app\Controllers\Cms\Mainservices.php(72): App\Models\Cms\SuperModel->selectSingleData_m('mainservices', 'assets')
#5 C:\xampp\htdocs\kingfacilities\system\CodeIgniter.php(933): App\Controllers\Cms\Mainservices->mainservices_form('assets', 'libs', 'choices.js', 'public', 'assets', 'scripts', 'choices.min.js')
#6 C:\xampp\htdocs\kingfacilities\system\CodeIgniter.php(509): CodeIgniter\CodeIgniter->runController(Object(App\Controllers\Cms\Mainservices))
#7 C:\xampp\htdocs\kingfacilities\system\CodeIgniter.php(355): CodeIgniter\CodeIgniter->handleRequest(NULL, Object(Config\Cache), false)
#8 C:\xampp\htdocs\kingfacilities\system\Boot.php(325): CodeIgniter\CodeIgniter->run()
#9 C:\xampp\htdocs\kingfacilities\system\Boot.php(67): CodeIgniter\Boot::runCodeIgniter(Object(CodeIgniter\CodeIgniter))
#10 C:\xampp\htdocs\kingfacilities\index.php(56): CodeIgniter\Boot::bootWeb(Object(Config\Paths))
#11 {main}
CRITICAL - 2025-01-21 14:03:38 --> CodeIgniter\Database\Exceptions\DatabaseException: Unknown column 'assets' in 'where clause'
[Method: GET, Route: cms/mainservices/mainservices_form/assets/libs/choices.js/public/assets/scripts/choices.min.js]
in SYSTEMPATH\Database\BaseConnection.php on line 688.
 1 APPPATH\Models\Cms\SuperModel.php(68): CodeIgniter\Database\BaseConnection->query('
        SELECT
          *
        FROM
          mainservices
        WHERE
          id = assets
', [...])
 2 APPPATH\Controllers\Cms\Mainservices.php(72): App\Models\Cms\SuperModel->selectSingleData_m('mainservices', 'assets')
 3 SYSTEMPATH\CodeIgniter.php(933): App\Controllers\Cms\Mainservices->mainservices_form('assets', 'libs', 'choices.js', 'public', 'assets', 'scripts', 'choices.min.js')
 4 SYSTEMPATH\CodeIgniter.php(509): CodeIgniter\CodeIgniter->runController(Object(App\Controllers\Cms\Mainservices))
 5 SYSTEMPATH\CodeIgniter.php(355): CodeIgniter\CodeIgniter->handleRequest(null, Object(Config\Cache), false)
 6 SYSTEMPATH\Boot.php(325): CodeIgniter\CodeIgniter->run()
 7 SYSTEMPATH\Boot.php(67): CodeIgniter\Boot::runCodeIgniter(Object(CodeIgniter\CodeIgniter))
 8 FCPATH\index.php(56): CodeIgniter\Boot::bootWeb(Object(Config\Paths))
CRITICAL - 2025-01-21 14:03:38 --> [Caused by] CodeIgniter\Database\Exceptions\DatabaseException: Unknown column 'assets' in 'where clause'
in SYSTEMPATH\Database\MySQLi\Connection.php on line 317.
 1 SYSTEMPATH\Database\BaseConnection.php(734): CodeIgniter\Database\MySQLi\Connection->execute('
        SELECT
          *
        FROM
          mainservices
        WHERE
          id = assets
')
 2 SYSTEMPATH\Database\BaseConnection.php(648): CodeIgniter\Database\BaseConnection->simpleQuery('
        SELECT
          *
        FROM
          mainservices
        WHERE
          id = assets
')
 3 APPPATH\Models\Cms\SuperModel.php(68): CodeIgniter\Database\BaseConnection->query('
        SELECT
          *
        FROM
          mainservices
        WHERE
          id = assets
', [...])
 4 APPPATH\Controllers\Cms\Mainservices.php(72): App\Models\Cms\SuperModel->selectSingleData_m('mainservices', 'assets')
 5 SYSTEMPATH\CodeIgniter.php(933): App\Controllers\Cms\Mainservices->mainservices_form('assets', 'libs', 'choices.js', 'public', 'assets', 'scripts', 'choices.min.js')
 6 SYSTEMPATH\CodeIgniter.php(509): CodeIgniter\CodeIgniter->runController(Object(App\Controllers\Cms\Mainservices))
 7 SYSTEMPATH\CodeIgniter.php(355): CodeIgniter\CodeIgniter->handleRequest(null, Object(Config\Cache), false)
 8 SYSTEMPATH\Boot.php(325): CodeIgniter\CodeIgniter->run()
 9 SYSTEMPATH\Boot.php(67): CodeIgniter\Boot::runCodeIgniter(Object(CodeIgniter\CodeIgniter))
10 FCPATH\index.php(56): CodeIgniter\Boot::bootWeb(Object(Config\Paths))
CRITICAL - 2025-01-21 14:03:38 --> [Caused by] mysqli_sql_exception: Unknown column 'assets' in 'where clause'
in SYSTEMPATH\Database\MySQLi\Connection.php on line 312.
 1 SYSTEMPATH\Database\MySQLi\Connection.php(312): mysqli->query('
        SELECT
          *
        FROM
          mainservices
        WHERE
          id = assets
', 0)
 2 SYSTEMPATH\Database\BaseConnection.php(734): CodeIgniter\Database\MySQLi\Connection->execute('
        SELECT
          *
        FROM
          mainservices
        WHERE
          id = assets
')
 3 SYSTEMPATH\Database\BaseConnection.php(648): CodeIgniter\Database\BaseConnection->simpleQuery('
        SELECT
          *
        FROM
          mainservices
        WHERE
          id = assets
')
 4 APPPATH\Models\Cms\SuperModel.php(68): CodeIgniter\Database\BaseConnection->query('
        SELECT
          *
        FROM
          mainservices
        WHERE
          id = assets
', [...])
 5 APPPATH\Controllers\Cms\Mainservices.php(72): App\Models\Cms\SuperModel->selectSingleData_m('mainservices', 'assets')
 6 SYSTEMPATH\CodeIgniter.php(933): App\Controllers\Cms\Mainservices->mainservices_form('assets', 'libs', 'choices.js', 'public', 'assets', 'scripts', 'choices.min.js')
 7 SYSTEMPATH\CodeIgniter.php(509): CodeIgniter\CodeIgniter->runController(Object(App\Controllers\Cms\Mainservices))
 8 SYSTEMPATH\CodeIgniter.php(355): CodeIgniter\CodeIgniter->handleRequest(null, Object(Config\Cache), false)
 9 SYSTEMPATH\Boot.php(325): CodeIgniter\CodeIgniter->run()
10 SYSTEMPATH\Boot.php(67): CodeIgniter\Boot::runCodeIgniter(Object(CodeIgniter\CodeIgniter))
11 FCPATH\index.php(56): CodeIgniter\Boot::bootWeb(Object(Config\Paths))
INFO - 2025-01-21 14:03:38 --> Session: Class initialized using 'CodeIgniter\Session\Handlers\FileHandler' driver.
ERROR - 2025-01-21 14:03:38 --> mysqli_sql_exception: Unknown column 'assets' in 'where clause' in C:\xampp\htdocs\kingfacilities\system\Database\MySQLi\Connection.php:312
Stack trace:
#0 C:\xampp\htdocs\kingfacilities\system\Database\MySQLi\Connection.php(312): mysqli->query('\r\n        SELEC...', 0)
#1 C:\xampp\htdocs\kingfacilities\system\Database\BaseConnection.php(734): CodeIgniter\Database\MySQLi\Connection->execute('\r\n        SELEC...')
#2 C:\xampp\htdocs\kingfacilities\system\Database\BaseConnection.php(648): CodeIgniter\Database\BaseConnection->simpleQuery('\r\n        SELEC...')
#3 C:\xampp\htdocs\kingfacilities\app\Models\Cms\SuperModel.php(68): CodeIgniter\Database\BaseConnection->query('\r\n        SELEC...', Array)
#4 C:\xampp\htdocs\kingfacilities\app\Controllers\Cms\Mainservices.php(72): App\Models\Cms\SuperModel->selectSingleData_m('mainservices', 'assets')
#5 C:\xampp\htdocs\kingfacilities\system\CodeIgniter.php(933): App\Controllers\Cms\Mainservices->mainservices_form('assets', 'libs', 'flatpickr', 'flatpickr.min.j...')
#6 C:\xampp\htdocs\kingfacilities\system\CodeIgniter.php(509): CodeIgniter\CodeIgniter->runController(Object(App\Controllers\Cms\Mainservices))
#7 C:\xampp\htdocs\kingfacilities\system\CodeIgniter.php(355): CodeIgniter\CodeIgniter->handleRequest(NULL, Object(Config\Cache), false)
#8 C:\xampp\htdocs\kingfacilities\system\Boot.php(325): CodeIgniter\CodeIgniter->run()
#9 C:\xampp\htdocs\kingfacilities\system\Boot.php(67): CodeIgniter\Boot::runCodeIgniter(Object(CodeIgniter\CodeIgniter))
#10 C:\xampp\htdocs\kingfacilities\index.php(56): CodeIgniter\Boot::bootWeb(Object(Config\Paths))
#11 {main}
CRITICAL - 2025-01-21 14:03:38 --> CodeIgniter\Database\Exceptions\DatabaseException: Unknown column 'assets' in 'where clause'
[Method: GET, Route: cms/mainservices/mainservices_form/assets/libs/flatpickr/flatpickr.min.js]
in SYSTEMPATH\Database\BaseConnection.php on line 688.
 1 APPPATH\Models\Cms\SuperModel.php(68): CodeIgniter\Database\BaseConnection->query('
        SELECT
          *
        FROM
          mainservices
        WHERE
          id = assets
', [...])
 2 APPPATH\Controllers\Cms\Mainservices.php(72): App\Models\Cms\SuperModel->selectSingleData_m('mainservices', 'assets')
 3 SYSTEMPATH\CodeIgniter.php(933): App\Controllers\Cms\Mainservices->mainservices_form('assets', 'libs', 'flatpickr', 'flatpickr.min.js')
 4 SYSTEMPATH\CodeIgniter.php(509): CodeIgniter\CodeIgniter->runController(Object(App\Controllers\Cms\Mainservices))
 5 SYSTEMPATH\CodeIgniter.php(355): CodeIgniter\CodeIgniter->handleRequest(null, Object(Config\Cache), false)
 6 SYSTEMPATH\Boot.php(325): CodeIgniter\CodeIgniter->run()
 7 SYSTEMPATH\Boot.php(67): CodeIgniter\Boot::runCodeIgniter(Object(CodeIgniter\CodeIgniter))
 8 FCPATH\index.php(56): CodeIgniter\Boot::bootWeb(Object(Config\Paths))
CRITICAL - 2025-01-21 14:03:38 --> [Caused by] CodeIgniter\Database\Exceptions\DatabaseException: Unknown column 'assets' in 'where clause'
in SYSTEMPATH\Database\MySQLi\Connection.php on line 317.
 1 SYSTEMPATH\Database\BaseConnection.php(734): CodeIgniter\Database\MySQLi\Connection->execute('
        SELECT
          *
        FROM
          mainservices
        WHERE
          id = assets
')
 2 SYSTEMPATH\Database\BaseConnection.php(648): CodeIgniter\Database\BaseConnection->simpleQuery('
        SELECT
          *
        FROM
          mainservices
        WHERE
          id = assets
')
 3 APPPATH\Models\Cms\SuperModel.php(68): CodeIgniter\Database\BaseConnection->query('
        SELECT
          *
        FROM
          mainservices
        WHERE
          id = assets
', [...])
 4 APPPATH\Controllers\Cms\Mainservices.php(72): App\Models\Cms\SuperModel->selectSingleData_m('mainservices', 'assets')
 5 SYSTEMPATH\CodeIgniter.php(933): App\Controllers\Cms\Mainservices->mainservices_form('assets', 'libs', 'flatpickr', 'flatpickr.min.js')
 6 SYSTEMPATH\CodeIgniter.php(509): CodeIgniter\CodeIgniter->runController(Object(App\Controllers\Cms\Mainservices))
 7 SYSTEMPATH\CodeIgniter.php(355): CodeIgniter\CodeIgniter->handleRequest(null, Object(Config\Cache), false)
 8 SYSTEMPATH\Boot.php(325): CodeIgniter\CodeIgniter->run()
 9 SYSTEMPATH\Boot.php(67): CodeIgniter\Boot::runCodeIgniter(Object(CodeIgniter\CodeIgniter))
10 FCPATH\index.php(56): CodeIgniter\Boot::bootWeb(Object(Config\Paths))
CRITICAL - 2025-01-21 14:03:38 --> [Caused by] mysqli_sql_exception: Unknown column 'assets' in 'where clause'
in SYSTEMPATH\Database\MySQLi\Connection.php on line 312.
 1 SYSTEMPATH\Database\MySQLi\Connection.php(312): mysqli->query('
        SELECT
          *
        FROM
          mainservices
        WHERE
          id = assets
', 0)
 2 SYSTEMPATH\Database\BaseConnection.php(734): CodeIgniter\Database\MySQLi\Connection->execute('
        SELECT
          *
        FROM
          mainservices
        WHERE
          id = assets
')
 3 SYSTEMPATH\Database\BaseConnection.php(648): CodeIgniter\Database\BaseConnection->simpleQuery('
        SELECT
          *
        FROM
          mainservices
        WHERE
          id = assets
')
 4 APPPATH\Models\Cms\SuperModel.php(68): CodeIgniter\Database\BaseConnection->query('
        SELECT
          *
        FROM
          mainservices
        WHERE
          id = assets
', [...])
 5 APPPATH\Controllers\Cms\Mainservices.php(72): App\Models\Cms\SuperModel->selectSingleData_m('mainservices', 'assets')
 6 SYSTEMPATH\CodeIgniter.php(933): App\Controllers\Cms\Mainservices->mainservices_form('assets', 'libs', 'flatpickr', 'flatpickr.min.js')
 7 SYSTEMPATH\CodeIgniter.php(509): CodeIgniter\CodeIgniter->runController(Object(App\Controllers\Cms\Mainservices))
 8 SYSTEMPATH\CodeIgniter.php(355): CodeIgniter\CodeIgniter->handleRequest(null, Object(Config\Cache), false)
 9 SYSTEMPATH\Boot.php(325): CodeIgniter\CodeIgniter->run()
10 SYSTEMPATH\Boot.php(67): CodeIgniter\Boot::runCodeIgniter(Object(CodeIgniter\CodeIgniter))
11 FCPATH\index.php(56): CodeIgniter\Boot::bootWeb(Object(Config\Paths))
INFO - 2025-01-21 14:54:25 --> Session: Class initialized using 'CodeIgniter\Session\Handlers\FileHandler' driver.
INFO - 2025-01-21 14:54:26 --> Session: Class initialized using 'CodeIgniter\Session\Handlers\FileHandler' driver.
INFO - 2025-01-21 14:54:26 --> Session: Class initialized using 'CodeIgniter\Session\Handlers\FileHandler' driver.
INFO - 2025-01-21 14:54:29 --> Session: Class initialized using 'CodeIgniter\Session\Handlers\FileHandler' driver.
INFO - 2025-01-21 14:54:30 --> Session: Class initialized using 'CodeIgniter\Session\Handlers\FileHandler' driver.
ERROR - 2025-01-21 14:54:30 --> mysqli_sql_exception: Unknown column 'assets' in 'where clause' in C:\xampp\htdocs\kingfacilities\system\Database\MySQLi\Connection.php:312
Stack trace:
#0 C:\xampp\htdocs\kingfacilities\system\Database\MySQLi\Connection.php(312): mysqli->query('\r\n        SELEC...', 0)
#1 C:\xampp\htdocs\kingfacilities\system\Database\BaseConnection.php(734): CodeIgniter\Database\MySQLi\Connection->execute('\r\n        SELEC...')
#2 C:\xampp\htdocs\kingfacilities\system\Database\BaseConnection.php(648): CodeIgniter\Database\BaseConnection->simpleQuery('\r\n        SELEC...')
#3 C:\xampp\htdocs\kingfacilities\app\Models\Cms\SuperModel.php(68): CodeIgniter\Database\BaseConnection->query('\r\n        SELEC...', Array)
#4 C:\xampp\htdocs\kingfacilities\app\Controllers\Cms\About.php(74): App\Models\Cms\SuperModel->selectSingleData_m('about', 'assets')
#5 C:\xampp\htdocs\kingfacilities\system\CodeIgniter.php(933): App\Controllers\Cms\About->about_form('assets', 'libs', 'choices.js', 'public', 'assets', 'scripts', 'choices.min.js')
#6 C:\xampp\htdocs\kingfacilities\system\CodeIgniter.php(509): CodeIgniter\CodeIgniter->runController(Object(App\Controllers\Cms\About))
#7 C:\xampp\htdocs\kingfacilities\system\CodeIgniter.php(355): CodeIgniter\CodeIgniter->handleRequest(NULL, Object(Config\Cache), false)
#8 C:\xampp\htdocs\kingfacilities\system\Boot.php(325): CodeIgniter\CodeIgniter->run()
#9 C:\xampp\htdocs\kingfacilities\system\Boot.php(67): CodeIgniter\Boot::runCodeIgniter(Object(CodeIgniter\CodeIgniter))
#10 C:\xampp\htdocs\kingfacilities\index.php(56): CodeIgniter\Boot::bootWeb(Object(Config\Paths))
#11 {main}
CRITICAL - 2025-01-21 14:54:30 --> CodeIgniter\Database\Exceptions\DatabaseException: Unknown column 'assets' in 'where clause'
[Method: GET, Route: cms/about/about_form/assets/libs/choices.js/public/assets/scripts/choices.min.js]
in SYSTEMPATH\Database\BaseConnection.php on line 688.
 1 APPPATH\Models\Cms\SuperModel.php(68): CodeIgniter\Database\BaseConnection->query('
        SELECT
          *
        FROM
          about
        WHERE
          id = assets
', [...])
 2 APPPATH\Controllers\Cms\About.php(74): App\Models\Cms\SuperModel->selectSingleData_m('about', 'assets')
 3 SYSTEMPATH\CodeIgniter.php(933): App\Controllers\Cms\About->about_form('assets', 'libs', 'choices.js', 'public', 'assets', 'scripts', 'choices.min.js')
 4 SYSTEMPATH\CodeIgniter.php(509): CodeIgniter\CodeIgniter->runController(Object(App\Controllers\Cms\About))
 5 SYSTEMPATH\CodeIgniter.php(355): CodeIgniter\CodeIgniter->handleRequest(null, Object(Config\Cache), false)
 6 SYSTEMPATH\Boot.php(325): CodeIgniter\CodeIgniter->run()
 7 SYSTEMPATH\Boot.php(67): CodeIgniter\Boot::runCodeIgniter(Object(CodeIgniter\CodeIgniter))
 8 FCPATH\index.php(56): CodeIgniter\Boot::bootWeb(Object(Config\Paths))
CRITICAL - 2025-01-21 14:54:30 --> [Caused by] CodeIgniter\Database\Exceptions\DatabaseException: Unknown column 'assets' in 'where clause'
in SYSTEMPATH\Database\MySQLi\Connection.php on line 317.
 1 SYSTEMPATH\Database\BaseConnection.php(734): CodeIgniter\Database\MySQLi\Connection->execute('
        SELECT
          *
        FROM
          about
        WHERE
          id = assets
')
 2 SYSTEMPATH\Database\BaseConnection.php(648): CodeIgniter\Database\BaseConnection->simpleQuery('
        SELECT
          *
        FROM
          about
        WHERE
          id = assets
')
 3 APPPATH\Models\Cms\SuperModel.php(68): CodeIgniter\Database\BaseConnection->query('
        SELECT
          *
        FROM
          about
        WHERE
          id = assets
', [...])
 4 APPPATH\Controllers\Cms\About.php(74): App\Models\Cms\SuperModel->selectSingleData_m('about', 'assets')
 5 SYSTEMPATH\CodeIgniter.php(933): App\Controllers\Cms\About->about_form('assets', 'libs', 'choices.js', 'public', 'assets', 'scripts', 'choices.min.js')
 6 SYSTEMPATH\CodeIgniter.php(509): CodeIgniter\CodeIgniter->runController(Object(App\Controllers\Cms\About))
 7 SYSTEMPATH\CodeIgniter.php(355): CodeIgniter\CodeIgniter->handleRequest(null, Object(Config\Cache), false)
 8 SYSTEMPATH\Boot.php(325): CodeIgniter\CodeIgniter->run()
 9 SYSTEMPATH\Boot.php(67): CodeIgniter\Boot::runCodeIgniter(Object(CodeIgniter\CodeIgniter))
10 FCPATH\index.php(56): CodeIgniter\Boot::bootWeb(Object(Config\Paths))
CRITICAL - 2025-01-21 14:54:30 --> [Caused by] mysqli_sql_exception: Unknown column 'assets' in 'where clause'
in SYSTEMPATH\Database\MySQLi\Connection.php on line 312.
 1 SYSTEMPATH\Database\MySQLi\Connection.php(312): mysqli->query('
        SELECT
          *
        FROM
          about
        WHERE
          id = assets
', 0)
 2 SYSTEMPATH\Database\BaseConnection.php(734): CodeIgniter\Database\MySQLi\Connection->execute('
        SELECT
          *
        FROM
          about
        WHERE
          id = assets
')
 3 SYSTEMPATH\Database\BaseConnection.php(648): CodeIgniter\Database\BaseConnection->simpleQuery('
        SELECT
          *
        FROM
          about
        WHERE
          id = assets
')
 4 APPPATH\Models\Cms\SuperModel.php(68): CodeIgniter\Database\BaseConnection->query('
        SELECT
          *
        FROM
          about
        WHERE
          id = assets
', [...])
 5 APPPATH\Controllers\Cms\About.php(74): App\Models\Cms\SuperModel->selectSingleData_m('about', 'assets')
 6 SYSTEMPATH\CodeIgniter.php(933): App\Controllers\Cms\About->about_form('assets', 'libs', 'choices.js', 'public', 'assets', 'scripts', 'choices.min.js')
 7 SYSTEMPATH\CodeIgniter.php(509): CodeIgniter\CodeIgniter->runController(Object(App\Controllers\Cms\About))
 8 SYSTEMPATH\CodeIgniter.php(355): CodeIgniter\CodeIgniter->handleRequest(null, Object(Config\Cache), false)
 9 SYSTEMPATH\Boot.php(325): CodeIgniter\CodeIgniter->run()
10 SYSTEMPATH\Boot.php(67): CodeIgniter\Boot::runCodeIgniter(Object(CodeIgniter\CodeIgniter))
11 FCPATH\index.php(56): CodeIgniter\Boot::bootWeb(Object(Config\Paths))
INFO - 2025-01-21 14:54:30 --> Session: Class initialized using 'CodeIgniter\Session\Handlers\FileHandler' driver.
ERROR - 2025-01-21 14:54:30 --> mysqli_sql_exception: Unknown column 'assets' in 'where clause' in C:\xampp\htdocs\kingfacilities\system\Database\MySQLi\Connection.php:312
Stack trace:
#0 C:\xampp\htdocs\kingfacilities\system\Database\MySQLi\Connection.php(312): mysqli->query('\r\n        SELEC...', 0)
#1 C:\xampp\htdocs\kingfacilities\system\Database\BaseConnection.php(734): CodeIgniter\Database\MySQLi\Connection->execute('\r\n        SELEC...')
#2 C:\xampp\htdocs\kingfacilities\system\Database\BaseConnection.php(648): CodeIgniter\Database\BaseConnection->simpleQuery('\r\n        SELEC...')
#3 C:\xampp\htdocs\kingfacilities\app\Models\Cms\SuperModel.php(68): CodeIgniter\Database\BaseConnection->query('\r\n        SELEC...', Array)
#4 C:\xampp\htdocs\kingfacilities\app\Controllers\Cms\About.php(74): App\Models\Cms\SuperModel->selectSingleData_m('about', 'assets')
#5 C:\xampp\htdocs\kingfacilities\system\CodeIgniter.php(933): App\Controllers\Cms\About->about_form('assets', 'libs', 'flatpickr', 'flatpickr.min.j...')
#6 C:\xampp\htdocs\kingfacilities\system\CodeIgniter.php(509): CodeIgniter\CodeIgniter->runController(Object(App\Controllers\Cms\About))
#7 C:\xampp\htdocs\kingfacilities\system\CodeIgniter.php(355): CodeIgniter\CodeIgniter->handleRequest(NULL, Object(Config\Cache), false)
#8 C:\xampp\htdocs\kingfacilities\system\Boot.php(325): CodeIgniter\CodeIgniter->run()
#9 C:\xampp\htdocs\kingfacilities\system\Boot.php(67): CodeIgniter\Boot::runCodeIgniter(Object(CodeIgniter\CodeIgniter))
#10 C:\xampp\htdocs\kingfacilities\index.php(56): CodeIgniter\Boot::bootWeb(Object(Config\Paths))
#11 {main}
CRITICAL - 2025-01-21 14:54:30 --> CodeIgniter\Database\Exceptions\DatabaseException: Unknown column 'assets' in 'where clause'
[Method: GET, Route: cms/about/about_form/assets/libs/flatpickr/flatpickr.min.js]
in SYSTEMPATH\Database\BaseConnection.php on line 688.
 1 APPPATH\Models\Cms\SuperModel.php(68): CodeIgniter\Database\BaseConnection->query('
        SELECT
          *
        FROM
          about
        WHERE
          id = assets
', [...])
 2 APPPATH\Controllers\Cms\About.php(74): App\Models\Cms\SuperModel->selectSingleData_m('about', 'assets')
 3 SYSTEMPATH\CodeIgniter.php(933): App\Controllers\Cms\About->about_form('assets', 'libs', 'flatpickr', 'flatpickr.min.js')
 4 SYSTEMPATH\CodeIgniter.php(509): CodeIgniter\CodeIgniter->runController(Object(App\Controllers\Cms\About))
 5 SYSTEMPATH\CodeIgniter.php(355): CodeIgniter\CodeIgniter->handleRequest(null, Object(Config\Cache), false)
 6 SYSTEMPATH\Boot.php(325): CodeIgniter\CodeIgniter->run()
 7 SYSTEMPATH\Boot.php(67): CodeIgniter\Boot::runCodeIgniter(Object(CodeIgniter\CodeIgniter))
 8 FCPATH\index.php(56): CodeIgniter\Boot::bootWeb(Object(Config\Paths))
CRITICAL - 2025-01-21 14:54:30 --> [Caused by] CodeIgniter\Database\Exceptions\DatabaseException: Unknown column 'assets' in 'where clause'
in SYSTEMPATH\Database\MySQLi\Connection.php on line 317.
 1 SYSTEMPATH\Database\BaseConnection.php(734): CodeIgniter\Database\MySQLi\Connection->execute('
        SELECT
          *
        FROM
          about
        WHERE
          id = assets
')
 2 SYSTEMPATH\Database\BaseConnection.php(648): CodeIgniter\Database\BaseConnection->simpleQuery('
        SELECT
          *
        FROM
          about
        WHERE
          id = assets
')
 3 APPPATH\Models\Cms\SuperModel.php(68): CodeIgniter\Database\BaseConnection->query('
        SELECT
          *
        FROM
          about
        WHERE
          id = assets
', [...])
 4 APPPATH\Controllers\Cms\About.php(74): App\Models\Cms\SuperModel->selectSingleData_m('about', 'assets')
 5 SYSTEMPATH\CodeIgniter.php(933): App\Controllers\Cms\About->about_form('assets', 'libs', 'flatpickr', 'flatpickr.min.js')
 6 SYSTEMPATH\CodeIgniter.php(509): CodeIgniter\CodeIgniter->runController(Object(App\Controllers\Cms\About))
 7 SYSTEMPATH\CodeIgniter.php(355): CodeIgniter\CodeIgniter->handleRequest(null, Object(Config\Cache), false)
 8 SYSTEMPATH\Boot.php(325): CodeIgniter\CodeIgniter->run()
 9 SYSTEMPATH\Boot.php(67): CodeIgniter\Boot::runCodeIgniter(Object(CodeIgniter\CodeIgniter))
10 FCPATH\index.php(56): CodeIgniter\Boot::bootWeb(Object(Config\Paths))
CRITICAL - 2025-01-21 14:54:30 --> [Caused by] mysqli_sql_exception: Unknown column 'assets' in 'where clause'
in SYSTEMPATH\Database\MySQLi\Connection.php on line 312.
 1 SYSTEMPATH\Database\MySQLi\Connection.php(312): mysqli->query('
        SELECT
          *
        FROM
          about
        WHERE
          id = assets
', 0)
 2 SYSTEMPATH\Database\BaseConnection.php(734): CodeIgniter\Database\MySQLi\Connection->execute('
        SELECT
          *
        FROM
          about
        WHERE
          id = assets
')
 3 SYSTEMPATH\Database\BaseConnection.php(648): CodeIgniter\Database\BaseConnection->simpleQuery('
        SELECT
          *
        FROM
          about
        WHERE
          id = assets
')
 4 APPPATH\Models\Cms\SuperModel.php(68): CodeIgniter\Database\BaseConnection->query('
        SELECT
          *
        FROM
          about
        WHERE
          id = assets
', [...])
 5 APPPATH\Controllers\Cms\About.php(74): App\Models\Cms\SuperModel->selectSingleData_m('about', 'assets')
 6 SYSTEMPATH\CodeIgniter.php(933): App\Controllers\Cms\About->about_form('assets', 'libs', 'flatpickr', 'flatpickr.min.js')
 7 SYSTEMPATH\CodeIgniter.php(509): CodeIgniter\CodeIgniter->runController(Object(App\Controllers\Cms\About))
 8 SYSTEMPATH\CodeIgniter.php(355): CodeIgniter\CodeIgniter->handleRequest(null, Object(Config\Cache), false)
 9 SYSTEMPATH\Boot.php(325): CodeIgniter\CodeIgniter->run()
10 SYSTEMPATH\Boot.php(67): CodeIgniter\Boot::runCodeIgniter(Object(CodeIgniter\CodeIgniter))
11 FCPATH\index.php(56): CodeIgniter\Boot::bootWeb(Object(Config\Paths))
INFO - 2025-01-21 15:07:01 --> Session: Class initialized using 'CodeIgniter\Session\Handlers\FileHandler' driver.
INFO - 2025-01-21 15:12:01 --> Session: Class initialized using 'CodeIgniter\Session\Handlers\FileHandler' driver.
INFO - 2025-01-21 15:16:54 --> Session: Class initialized using 'CodeIgniter\Session\Handlers\FileHandler' driver.
INFO - 2025-01-21 15:17:32 --> Session: Class initialized using 'CodeIgniter\Session\Handlers\FileHandler' driver.
INFO - 2025-01-21 15:18:05 --> Session: Class initialized using 'CodeIgniter\Session\Handlers\FileHandler' driver.
INFO - 2025-01-21 15:18:06 --> Session: Class initialized using 'CodeIgniter\Session\Handlers\FileHandler' driver.
INFO - 2025-01-21 15:18:06 --> Session: Class initialized using 'CodeIgniter\Session\Handlers\FileHandler' driver.
INFO - 2025-01-21 15:35:51 --> Session: Class initialized using 'CodeIgniter\Session\Handlers\FileHandler' driver.
INFO - 2025-01-21 15:42:38 --> Session: Class initialized using 'CodeIgniter\Session\Handlers\FileHandler' driver.
INFO - 2025-01-21 15:42:38 --> Session: Class initialized using 'CodeIgniter\Session\Handlers\FileHandler' driver.
INFO - 2025-01-21 15:42:38 --> Session: Class initialized using 'CodeIgniter\Session\Handlers\FileHandler' driver.
INFO - 2025-01-21 16:27:07 --> Session: Class initialized using 'CodeIgniter\Session\Handlers\FileHandler' driver.
INFO - 2025-01-21 16:27:20 --> Session: Class initialized using 'CodeIgniter\Session\Handlers\FileHandler' driver.
INFO - 2025-01-21 16:27:24 --> Session: Class initialized using 'CodeIgniter\Session\Handlers\FileHandler' driver.
INFO - 2025-01-21 16:27:24 --> Session: Class initialized using 'CodeIgniter\Session\Handlers\FileHandler' driver.
