INFO - 2025-10-23 10:38:06 --> Session: Class initialized using 'CodeIgniter\Session\Handlers\FileHandler' driver.
INFO - 2025-10-23 10:38:06 --> Session: Class initialized using 'CodeIgniter\Session\Handlers\FileHandler' driver.
INFO - 2025-10-23 10:38:10 --> Session: Class initialized using 'CodeIgniter\Session\Handlers\FileHandler' driver.
INFO - 2025-10-23 10:38:20 --> Session: Class initialized using 'CodeIgniter\Session\Handlers\FileHandler' driver.
INFO - 2025-10-23 10:38:21 --> Session: Class initialized using 'CodeIgniter\Session\Handlers\FileHandler' driver.
INFO - 2025-10-23 10:38:25 --> Session: Class initialized using 'CodeIgniter\Session\Handlers\FileHandler' driver.
INFO - 2025-10-23 10:38:27 --> Session: Class initialized using 'CodeIgniter\Session\Handlers\FileHandler' driver.
INFO - 2025-10-23 10:38:28 --> Session: Class initialized using 'CodeIgniter\Session\Handlers\FileHandler' driver.
INFO - 2025-10-23 10:38:28 --> Session: Class initialized using 'CodeIgniter\Session\Handlers\FileHandler' driver.
INFO - 2025-10-23 10:40:27 --> Session: Class initialized using 'CodeIgniter\Session\Handlers\FileHandler' driver.
INFO - 2025-10-23 10:47:46 --> Session: Class initialized using 'CodeIgniter\Session\Handlers\FileHandler' driver.
INFO - 2025-10-23 10:54:56 --> Session: Class initialized using 'CodeIgniter\Session\Handlers\FileHandler' driver.
INFO - 2025-10-23 10:54:56 --> Session: Class initialized using 'CodeIgniter\Session\Handlers\FileHandler' driver.
INFO - 2025-10-23 10:54:57 --> Session: Class initialized using 'CodeIgniter\Session\Handlers\FileHandler' driver.
INFO - 2025-10-23 10:55:00 --> Session: Class initialized using 'CodeIgniter\Session\Handlers\FileHandler' driver.
INFO - 2025-10-23 10:55:01 --> Session: Class initialized using 'CodeIgniter\Session\Handlers\FileHandler' driver.
ERROR - 2025-10-23 10:55:01 --> mysqli_sql_exception: Unknown column 'assets' in 'where clause' in C:\xampp\htdocs\brandit\system\Database\MySQLi\Connection.php:312
Stack trace:
#0 C:\xampp\htdocs\brandit\system\Database\MySQLi\Connection.php(312): mysqli->query('\r\n        SELEC...', 0)
#1 C:\xampp\htdocs\brandit\system\Database\BaseConnection.php(734): CodeIgniter\Database\MySQLi\Connection->execute('\r\n        SELEC...')
#2 C:\xampp\htdocs\brandit\system\Database\BaseConnection.php(648): CodeIgniter\Database\BaseConnection->simpleQuery('\r\n        SELEC...')
#3 C:\xampp\htdocs\brandit\app\Models\Cms\SuperModel.php(68): CodeIgniter\Database\BaseConnection->query('\r\n        SELEC...', Array)
#4 C:\xampp\htdocs\brandit\app\Controllers\Cms\Contactinfo.php(70): App\Models\Cms\SuperModel->selectSingleData_m('contactinfo', 'assets')
#5 C:\xampp\htdocs\brandit\system\CodeIgniter.php(933): App\Controllers\Cms\Contactinfo->contactinfo_form('assets', 'libs', 'choices.js', 'public', 'assets', 'scripts', 'choices.min.js')
#6 C:\xampp\htdocs\brandit\system\CodeIgniter.php(509): CodeIgniter\CodeIgniter->runController(Object(App\Controllers\Cms\Contactinfo))
#7 C:\xampp\htdocs\brandit\system\CodeIgniter.php(355): CodeIgniter\CodeIgniter->handleRequest(NULL, Object(Config\Cache), false)
#8 C:\xampp\htdocs\brandit\system\Boot.php(325): CodeIgniter\CodeIgniter->run()
#9 C:\xampp\htdocs\brandit\system\Boot.php(67): CodeIgniter\Boot::runCodeIgniter(Object(CodeIgniter\CodeIgniter))
#10 C:\xampp\htdocs\brandit\index.php(56): CodeIgniter\Boot::bootWeb(Object(Config\Paths))
#11 {main}
CRITICAL - 2025-10-23 10:55:01 --> CodeIgniter\Database\Exceptions\DatabaseException: Unknown column 'assets' in 'where clause'
[Method: GET, Route: cms/contactinfo/contactinfo_form/assets/libs/choices.js/public/assets/scripts/choices.min.js]
in SYSTEMPATH\Database\BaseConnection.php on line 688.
 1 APPPATH\Models\Cms\SuperModel.php(68): CodeIgniter\Database\BaseConnection->query('
        SELECT
          *
        FROM
          contactinfo
        WHERE
          id = assets
', [...])
 2 APPPATH\Controllers\Cms\Contactinfo.php(70): App\Models\Cms\SuperModel->selectSingleData_m('contactinfo', 'assets')
 3 SYSTEMPATH\CodeIgniter.php(933): App\Controllers\Cms\Contactinfo->contactinfo_form('assets', 'libs', 'choices.js', 'public', 'assets', 'scripts', 'choices.min.js')
 4 SYSTEMPATH\CodeIgniter.php(509): CodeIgniter\CodeIgniter->runController(Object(App\Controllers\Cms\Contactinfo))
 5 SYSTEMPATH\CodeIgniter.php(355): CodeIgniter\CodeIgniter->handleRequest(null, Object(Config\Cache), false)
 6 SYSTEMPATH\Boot.php(325): CodeIgniter\CodeIgniter->run()
 7 SYSTEMPATH\Boot.php(67): CodeIgniter\Boot::runCodeIgniter(Object(CodeIgniter\CodeIgniter))
 8 FCPATH\index.php(56): CodeIgniter\Boot::bootWeb(Object(Config\Paths))
CRITICAL - 2025-10-23 10:55:01 --> [Caused by] CodeIgniter\Database\Exceptions\DatabaseException: Unknown column 'assets' in 'where clause'
in SYSTEMPATH\Database\MySQLi\Connection.php on line 317.
 1 SYSTEMPATH\Database\BaseConnection.php(734): CodeIgniter\Database\MySQLi\Connection->execute('
        SELECT
          *
        FROM
          contactinfo
        WHERE
          id = assets
')
 2 SYSTEMPATH\Database\BaseConnection.php(648): CodeIgniter\Database\BaseConnection->simpleQuery('
        SELECT
          *
        FROM
          contactinfo
        WHERE
          id = assets
')
 3 APPPATH\Models\Cms\SuperModel.php(68): CodeIgniter\Database\BaseConnection->query('
        SELECT
          *
        FROM
          contactinfo
        WHERE
          id = assets
', [...])
 4 APPPATH\Controllers\Cms\Contactinfo.php(70): App\Models\Cms\SuperModel->selectSingleData_m('contactinfo', 'assets')
 5 SYSTEMPATH\CodeIgniter.php(933): App\Controllers\Cms\Contactinfo->contactinfo_form('assets', 'libs', 'choices.js', 'public', 'assets', 'scripts', 'choices.min.js')
 6 SYSTEMPATH\CodeIgniter.php(509): CodeIgniter\CodeIgniter->runController(Object(App\Controllers\Cms\Contactinfo))
 7 SYSTEMPATH\CodeIgniter.php(355): CodeIgniter\CodeIgniter->handleRequest(null, Object(Config\Cache), false)
 8 SYSTEMPATH\Boot.php(325): CodeIgniter\CodeIgniter->run()
 9 SYSTEMPATH\Boot.php(67): CodeIgniter\Boot::runCodeIgniter(Object(CodeIgniter\CodeIgniter))
10 FCPATH\index.php(56): CodeIgniter\Boot::bootWeb(Object(Config\Paths))
CRITICAL - 2025-10-23 10:55:01 --> [Caused by] mysqli_sql_exception: Unknown column 'assets' in 'where clause'
in SYSTEMPATH\Database\MySQLi\Connection.php on line 312.
 1 SYSTEMPATH\Database\MySQLi\Connection.php(312): mysqli->query('
        SELECT
          *
        FROM
          contactinfo
        WHERE
          id = assets
', 0)
 2 SYSTEMPATH\Database\BaseConnection.php(734): CodeIgniter\Database\MySQLi\Connection->execute('
        SELECT
          *
        FROM
          contactinfo
        WHERE
          id = assets
')
 3 SYSTEMPATH\Database\BaseConnection.php(648): CodeIgniter\Database\BaseConnection->simpleQuery('
        SELECT
          *
        FROM
          contactinfo
        WHERE
          id = assets
')
 4 APPPATH\Models\Cms\SuperModel.php(68): CodeIgniter\Database\BaseConnection->query('
        SELECT
          *
        FROM
          contactinfo
        WHERE
          id = assets
', [...])
 5 APPPATH\Controllers\Cms\Contactinfo.php(70): App\Models\Cms\SuperModel->selectSingleData_m('contactinfo', 'assets')
 6 SYSTEMPATH\CodeIgniter.php(933): App\Controllers\Cms\Contactinfo->contactinfo_form('assets', 'libs', 'choices.js', 'public', 'assets', 'scripts', 'choices.min.js')
 7 SYSTEMPATH\CodeIgniter.php(509): CodeIgniter\CodeIgniter->runController(Object(App\Controllers\Cms\Contactinfo))
 8 SYSTEMPATH\CodeIgniter.php(355): CodeIgniter\CodeIgniter->handleRequest(null, Object(Config\Cache), false)
 9 SYSTEMPATH\Boot.php(325): CodeIgniter\CodeIgniter->run()
10 SYSTEMPATH\Boot.php(67): CodeIgniter\Boot::runCodeIgniter(Object(CodeIgniter\CodeIgniter))
11 FCPATH\index.php(56): CodeIgniter\Boot::bootWeb(Object(Config\Paths))
INFO - 2025-10-23 10:55:01 --> Session: Class initialized using 'CodeIgniter\Session\Handlers\FileHandler' driver.
ERROR - 2025-10-23 10:55:01 --> mysqli_sql_exception: Unknown column 'assets' in 'where clause' in C:\xampp\htdocs\brandit\system\Database\MySQLi\Connection.php:312
Stack trace:
#0 C:\xampp\htdocs\brandit\system\Database\MySQLi\Connection.php(312): mysqli->query('\r\n        SELEC...', 0)
#1 C:\xampp\htdocs\brandit\system\Database\BaseConnection.php(734): CodeIgniter\Database\MySQLi\Connection->execute('\r\n        SELEC...')
#2 C:\xampp\htdocs\brandit\system\Database\BaseConnection.php(648): CodeIgniter\Database\BaseConnection->simpleQuery('\r\n        SELEC...')
#3 C:\xampp\htdocs\brandit\app\Models\Cms\SuperModel.php(68): CodeIgniter\Database\BaseConnection->query('\r\n        SELEC...', Array)
#4 C:\xampp\htdocs\brandit\app\Controllers\Cms\Contactinfo.php(70): App\Models\Cms\SuperModel->selectSingleData_m('contactinfo', 'assets')
#5 C:\xampp\htdocs\brandit\system\CodeIgniter.php(933): App\Controllers\Cms\Contactinfo->contactinfo_form('assets', 'libs', 'flatpickr', 'flatpickr.min.j...')
#6 C:\xampp\htdocs\brandit\system\CodeIgniter.php(509): CodeIgniter\CodeIgniter->runController(Object(App\Controllers\Cms\Contactinfo))
#7 C:\xampp\htdocs\brandit\system\CodeIgniter.php(355): CodeIgniter\CodeIgniter->handleRequest(NULL, Object(Config\Cache), false)
#8 C:\xampp\htdocs\brandit\system\Boot.php(325): CodeIgniter\CodeIgniter->run()
#9 C:\xampp\htdocs\brandit\system\Boot.php(67): CodeIgniter\Boot::runCodeIgniter(Object(CodeIgniter\CodeIgniter))
#10 C:\xampp\htdocs\brandit\index.php(56): CodeIgniter\Boot::bootWeb(Object(Config\Paths))
#11 {main}
CRITICAL - 2025-10-23 10:55:01 --> CodeIgniter\Database\Exceptions\DatabaseException: Unknown column 'assets' in 'where clause'
[Method: GET, Route: cms/contactinfo/contactinfo_form/assets/libs/flatpickr/flatpickr.min.js]
in SYSTEMPATH\Database\BaseConnection.php on line 688.
 1 APPPATH\Models\Cms\SuperModel.php(68): CodeIgniter\Database\BaseConnection->query('
        SELECT
          *
        FROM
          contactinfo
        WHERE
          id = assets
', [...])
 2 APPPATH\Controllers\Cms\Contactinfo.php(70): App\Models\Cms\SuperModel->selectSingleData_m('contactinfo', 'assets')
 3 SYSTEMPATH\CodeIgniter.php(933): App\Controllers\Cms\Contactinfo->contactinfo_form('assets', 'libs', 'flatpickr', 'flatpickr.min.js')
 4 SYSTEMPATH\CodeIgniter.php(509): CodeIgniter\CodeIgniter->runController(Object(App\Controllers\Cms\Contactinfo))
 5 SYSTEMPATH\CodeIgniter.php(355): CodeIgniter\CodeIgniter->handleRequest(null, Object(Config\Cache), false)
 6 SYSTEMPATH\Boot.php(325): CodeIgniter\CodeIgniter->run()
 7 SYSTEMPATH\Boot.php(67): CodeIgniter\Boot::runCodeIgniter(Object(CodeIgniter\CodeIgniter))
 8 FCPATH\index.php(56): CodeIgniter\Boot::bootWeb(Object(Config\Paths))
CRITICAL - 2025-10-23 10:55:01 --> [Caused by] CodeIgniter\Database\Exceptions\DatabaseException: Unknown column 'assets' in 'where clause'
in SYSTEMPATH\Database\MySQLi\Connection.php on line 317.
 1 SYSTEMPATH\Database\BaseConnection.php(734): CodeIgniter\Database\MySQLi\Connection->execute('
        SELECT
          *
        FROM
          contactinfo
        WHERE
          id = assets
')
 2 SYSTEMPATH\Database\BaseConnection.php(648): CodeIgniter\Database\BaseConnection->simpleQuery('
        SELECT
          *
        FROM
          contactinfo
        WHERE
          id = assets
')
 3 APPPATH\Models\Cms\SuperModel.php(68): CodeIgniter\Database\BaseConnection->query('
        SELECT
          *
        FROM
          contactinfo
        WHERE
          id = assets
', [...])
 4 APPPATH\Controllers\Cms\Contactinfo.php(70): App\Models\Cms\SuperModel->selectSingleData_m('contactinfo', 'assets')
 5 SYSTEMPATH\CodeIgniter.php(933): App\Controllers\Cms\Contactinfo->contactinfo_form('assets', 'libs', 'flatpickr', 'flatpickr.min.js')
 6 SYSTEMPATH\CodeIgniter.php(509): CodeIgniter\CodeIgniter->runController(Object(App\Controllers\Cms\Contactinfo))
 7 SYSTEMPATH\CodeIgniter.php(355): CodeIgniter\CodeIgniter->handleRequest(null, Object(Config\Cache), false)
 8 SYSTEMPATH\Boot.php(325): CodeIgniter\CodeIgniter->run()
 9 SYSTEMPATH\Boot.php(67): CodeIgniter\Boot::runCodeIgniter(Object(CodeIgniter\CodeIgniter))
10 FCPATH\index.php(56): CodeIgniter\Boot::bootWeb(Object(Config\Paths))
CRITICAL - 2025-10-23 10:55:01 --> [Caused by] mysqli_sql_exception: Unknown column 'assets' in 'where clause'
in SYSTEMPATH\Database\MySQLi\Connection.php on line 312.
 1 SYSTEMPATH\Database\MySQLi\Connection.php(312): mysqli->query('
        SELECT
          *
        FROM
          contactinfo
        WHERE
          id = assets
', 0)
 2 SYSTEMPATH\Database\BaseConnection.php(734): CodeIgniter\Database\MySQLi\Connection->execute('
        SELECT
          *
        FROM
          contactinfo
        WHERE
          id = assets
')
 3 SYSTEMPATH\Database\BaseConnection.php(648): CodeIgniter\Database\BaseConnection->simpleQuery('
        SELECT
          *
        FROM
          contactinfo
        WHERE
          id = assets
')
 4 APPPATH\Models\Cms\SuperModel.php(68): CodeIgniter\Database\BaseConnection->query('
        SELECT
          *
        FROM
          contactinfo
        WHERE
          id = assets
', [...])
 5 APPPATH\Controllers\Cms\Contactinfo.php(70): App\Models\Cms\SuperModel->selectSingleData_m('contactinfo', 'assets')
 6 SYSTEMPATH\CodeIgniter.php(933): App\Controllers\Cms\Contactinfo->contactinfo_form('assets', 'libs', 'flatpickr', 'flatpickr.min.js')
 7 SYSTEMPATH\CodeIgniter.php(509): CodeIgniter\CodeIgniter->runController(Object(App\Controllers\Cms\Contactinfo))
 8 SYSTEMPATH\CodeIgniter.php(355): CodeIgniter\CodeIgniter->handleRequest(null, Object(Config\Cache), false)
 9 SYSTEMPATH\Boot.php(325): CodeIgniter\CodeIgniter->run()
10 SYSTEMPATH\Boot.php(67): CodeIgniter\Boot::runCodeIgniter(Object(CodeIgniter\CodeIgniter))
11 FCPATH\index.php(56): CodeIgniter\Boot::bootWeb(Object(Config\Paths))
INFO - 2025-10-23 11:00:05 --> Session: Class initialized using 'CodeIgniter\Session\Handlers\FileHandler' driver.
CRITICAL - 2025-10-23 11:00:05 --> ErrorException: Undefined array key "sub_title"
[Method: GET, Route: home]
in APPPATH\Views\public\index.php on line 18.
 1 APPPATH\Views\public\index.php(18): CodeIgniter\Debug\Exceptions->errorHandler(2, 'Undefined array key "sub_title"', 'C:\\xampp\\htdocs\\brandit\\app\\Views\\public\\index.php', 18)
 2 SYSTEMPATH\View\View.php(234): include('C:\\xampp\\htdocs\\brandit\\app\\Views\\public\\index.php')
 3 SYSTEMPATH\View\View.php(237): CodeIgniter\View\View->CodeIgniter\View\{closure}()
 4 SYSTEMPATH\Common.php(1171): CodeIgniter\View\View->render('public/index', [], true)
 5 APPPATH\Controllers\Home.php(52): view('public/index', [...])
 6 SYSTEMPATH\CodeIgniter.php(933): App\Controllers\Home->index()
 7 SYSTEMPATH\CodeIgniter.php(509): CodeIgniter\CodeIgniter->runController(Object(App\Controllers\Home))
 8 SYSTEMPATH\CodeIgniter.php(355): CodeIgniter\CodeIgniter->handleRequest(null, Object(Config\Cache), false)
 9 SYSTEMPATH\Boot.php(325): CodeIgniter\CodeIgniter->run()
10 SYSTEMPATH\Boot.php(67): CodeIgniter\Boot::runCodeIgniter(Object(CodeIgniter\CodeIgniter))
11 FCPATH\index.php(56): CodeIgniter\Boot::bootWeb(Object(Config\Paths))
INFO - 2025-10-23 11:00:18 --> Session: Class initialized using 'CodeIgniter\Session\Handlers\FileHandler' driver.
INFO - 2025-10-23 11:00:23 --> Session: Class initialized using 'CodeIgniter\Session\Handlers\FileHandler' driver.
INFO - 2025-10-23 11:02:17 --> Session: Class initialized using 'CodeIgniter\Session\Handlers\FileHandler' driver.
INFO - 2025-10-23 11:02:23 --> Session: Class initialized using 'CodeIgniter\Session\Handlers\FileHandler' driver.
INFO - 2025-10-23 11:02:26 --> Session: Class initialized using 'CodeIgniter\Session\Handlers\FileHandler' driver.
INFO - 2025-10-23 11:03:17 --> Session: Class initialized using 'CodeIgniter\Session\Handlers\FileHandler' driver.
INFO - 2025-10-23 11:03:23 --> Session: Class initialized using 'CodeIgniter\Session\Handlers\FileHandler' driver.
INFO - 2025-10-23 11:04:54 --> Session: Class initialized using 'CodeIgniter\Session\Handlers\FileHandler' driver.
INFO - 2025-10-23 11:04:56 --> Session: Class initialized using 'CodeIgniter\Session\Handlers\FileHandler' driver.
INFO - 2025-10-23 11:04:58 --> Session: Class initialized using 'CodeIgniter\Session\Handlers\FileHandler' driver.
CRITICAL - 2025-10-23 11:04:58 --> ErrorException: Undefined variable $seg2
[Method: GET, Route: home/products_by_category/1]
in APPPATH\Views\public\products_by_cat.php on line 41.
 1 APPPATH\Views\public\products_by_cat.php(41): CodeIgniter\Debug\Exceptions->errorHandler(2, 'Undefined variable $seg2', 'C:\\xampp\\htdocs\\brandit\\app\\Views\\public\\products_by_cat.php', 41)
 2 SYSTEMPATH\View\View.php(234): include('C:\\xampp\\htdocs\\brandit\\app\\Views\\public\\products_by_cat.php')
 3 SYSTEMPATH\View\View.php(237): CodeIgniter\View\View->CodeIgniter\View\{closure}()
 4 SYSTEMPATH\Common.php(1171): CodeIgniter\View\View->render('public/products_by_cat', [], true)
 5 APPPATH\Controllers\Home.php(495): view('public/products_by_cat', [...])
 6 SYSTEMPATH\CodeIgniter.php(933): App\Controllers\Home->products_by_category('1')
 7 SYSTEMPATH\CodeIgniter.php(509): CodeIgniter\CodeIgniter->runController(Object(App\Controllers\Home))
 8 SYSTEMPATH\CodeIgniter.php(355): CodeIgniter\CodeIgniter->handleRequest(null, Object(Config\Cache), false)
 9 SYSTEMPATH\Boot.php(325): CodeIgniter\CodeIgniter->run()
10 SYSTEMPATH\Boot.php(67): CodeIgniter\Boot::runCodeIgniter(Object(CodeIgniter\CodeIgniter))
11 FCPATH\index.php(56): CodeIgniter\Boot::bootWeb(Object(Config\Paths))
INFO - 2025-10-23 11:05:15 --> Session: Class initialized using 'CodeIgniter\Session\Handlers\FileHandler' driver.
CRITICAL - 2025-10-23 11:05:15 --> ErrorException: Undefined variable $seg2
[Method: GET, Route: home/products_by_category/1]
in APPPATH\Views\public\products_by_cat.php on line 41.
 1 APPPATH\Views\public\products_by_cat.php(41): CodeIgniter\Debug\Exceptions->errorHandler(2, 'Undefined variable $seg2', 'C:\\xampp\\htdocs\\brandit\\app\\Views\\public\\products_by_cat.php', 41)
 2 SYSTEMPATH\View\View.php(234): include('C:\\xampp\\htdocs\\brandit\\app\\Views\\public\\products_by_cat.php')
 3 SYSTEMPATH\View\View.php(237): CodeIgniter\View\View->CodeIgniter\View\{closure}()
 4 SYSTEMPATH\Common.php(1171): CodeIgniter\View\View->render('public/products_by_cat', [], true)
 5 APPPATH\Controllers\Home.php(495): view('public/products_by_cat', [...])
 6 SYSTEMPATH\CodeIgniter.php(933): App\Controllers\Home->products_by_category('1')
 7 SYSTEMPATH\CodeIgniter.php(509): CodeIgniter\CodeIgniter->runController(Object(App\Controllers\Home))
 8 SYSTEMPATH\CodeIgniter.php(355): CodeIgniter\CodeIgniter->handleRequest(null, Object(Config\Cache), false)
 9 SYSTEMPATH\Boot.php(325): CodeIgniter\CodeIgniter->run()
10 SYSTEMPATH\Boot.php(67): CodeIgniter\Boot::runCodeIgniter(Object(CodeIgniter\CodeIgniter))
11 FCPATH\index.php(56): CodeIgniter\Boot::bootWeb(Object(Config\Paths))
INFO - 2025-10-23 11:05:29 --> Session: Class initialized using 'CodeIgniter\Session\Handlers\FileHandler' driver.
CRITICAL - 2025-10-23 11:05:29 --> ErrorException: Undefined variable $seg2
[Method: GET, Route: home/products_by_category/1]
in APPPATH\Views\public\products_by_cat.php on line 41.
 1 APPPATH\Views\public\products_by_cat.php(41): CodeIgniter\Debug\Exceptions->errorHandler(2, 'Undefined variable $seg2', 'C:\\xampp\\htdocs\\brandit\\app\\Views\\public\\products_by_cat.php', 41)
 2 SYSTEMPATH\View\View.php(234): include('C:\\xampp\\htdocs\\brandit\\app\\Views\\public\\products_by_cat.php')
 3 SYSTEMPATH\View\View.php(237): CodeIgniter\View\View->CodeIgniter\View\{closure}()
 4 SYSTEMPATH\Common.php(1171): CodeIgniter\View\View->render('public/products_by_cat', [], true)
 5 APPPATH\Controllers\Home.php(495): view('public/products_by_cat', [...])
 6 SYSTEMPATH\CodeIgniter.php(933): App\Controllers\Home->products_by_category('1')
 7 SYSTEMPATH\CodeIgniter.php(509): CodeIgniter\CodeIgniter->runController(Object(App\Controllers\Home))
 8 SYSTEMPATH\CodeIgniter.php(355): CodeIgniter\CodeIgniter->handleRequest(null, Object(Config\Cache), false)
 9 SYSTEMPATH\Boot.php(325): CodeIgniter\CodeIgniter->run()
10 SYSTEMPATH\Boot.php(67): CodeIgniter\Boot::runCodeIgniter(Object(CodeIgniter\CodeIgniter))
11 FCPATH\index.php(56): CodeIgniter\Boot::bootWeb(Object(Config\Paths))
INFO - 2025-10-23 11:05:43 --> Session: Class initialized using 'CodeIgniter\Session\Handlers\FileHandler' driver.
INFO - 2025-10-23 11:05:55 --> Session: Class initialized using 'CodeIgniter\Session\Handlers\FileHandler' driver.
INFO - 2025-10-23 11:05:59 --> Session: Class initialized using 'CodeIgniter\Session\Handlers\FileHandler' driver.
INFO - 2025-10-23 11:06:04 --> Session: Class initialized using 'CodeIgniter\Session\Handlers\FileHandler' driver.
INFO - 2025-10-23 11:06:07 --> Session: Class initialized using 'CodeIgniter\Session\Handlers\FileHandler' driver.
INFO - 2025-10-23 11:06:10 --> Session: Class initialized using 'CodeIgniter\Session\Handlers\FileHandler' driver.
INFO - 2025-10-23 11:06:16 --> Session: Class initialized using 'CodeIgniter\Session\Handlers\FileHandler' driver.
INFO - 2025-10-23 11:06:26 --> Session: Class initialized using 'CodeIgniter\Session\Handlers\FileHandler' driver.
INFO - 2025-10-23 11:08:47 --> Session: Class initialized using 'CodeIgniter\Session\Handlers\FileHandler' driver.
INFO - 2025-10-23 11:08:47 --> Session: Class initialized using 'CodeIgniter\Session\Handlers\FileHandler' driver.
ERROR - 2025-10-23 11:08:47 --> mysqli_sql_exception: Unknown column 'assets' in 'where clause' in C:\xampp\htdocs\brandit\system\Database\MySQLi\Connection.php:312
Stack trace:
#0 C:\xampp\htdocs\brandit\system\Database\MySQLi\Connection.php(312): mysqli->query('\r\n        SELEC...', 0)
#1 C:\xampp\htdocs\brandit\system\Database\BaseConnection.php(734): CodeIgniter\Database\MySQLi\Connection->execute('\r\n        SELEC...')
#2 C:\xampp\htdocs\brandit\system\Database\BaseConnection.php(648): CodeIgniter\Database\BaseConnection->simpleQuery('\r\n        SELEC...')
#3 C:\xampp\htdocs\brandit\app\Models\Cms\SuperModel.php(68): CodeIgniter\Database\BaseConnection->query('\r\n        SELEC...', Array)
#4 C:\xampp\htdocs\brandit\app\Controllers\Cms\Contactinfo.php(70): App\Models\Cms\SuperModel->selectSingleData_m('contactinfo', 'assets')
#5 C:\xampp\htdocs\brandit\system\CodeIgniter.php(933): App\Controllers\Cms\Contactinfo->contactinfo_form('assets', 'libs', 'flatpickr', 'flatpickr.min.j...')
#6 C:\xampp\htdocs\brandit\system\CodeIgniter.php(509): CodeIgniter\CodeIgniter->runController(Object(App\Controllers\Cms\Contactinfo))
#7 C:\xampp\htdocs\brandit\system\CodeIgniter.php(355): CodeIgniter\CodeIgniter->handleRequest(NULL, Object(Config\Cache), false)
#8 C:\xampp\htdocs\brandit\system\Boot.php(325): CodeIgniter\CodeIgniter->run()
#9 C:\xampp\htdocs\brandit\system\Boot.php(67): CodeIgniter\Boot::runCodeIgniter(Object(CodeIgniter\CodeIgniter))
#10 C:\xampp\htdocs\brandit\index.php(56): CodeIgniter\Boot::bootWeb(Object(Config\Paths))
#11 {main}
CRITICAL - 2025-10-23 11:08:47 --> CodeIgniter\Database\Exceptions\DatabaseException: Unknown column 'assets' in 'where clause'
[Method: GET, Route: cms/contactinfo/contactinfo_form/assets/libs/flatpickr/flatpickr.min.js]
in SYSTEMPATH\Database\BaseConnection.php on line 688.
 1 APPPATH\Models\Cms\SuperModel.php(68): CodeIgniter\Database\BaseConnection->query('
        SELECT
          *
        FROM
          contactinfo
        WHERE
          id = assets
', [...])
 2 APPPATH\Controllers\Cms\Contactinfo.php(70): App\Models\Cms\SuperModel->selectSingleData_m('contactinfo', 'assets')
 3 SYSTEMPATH\CodeIgniter.php(933): App\Controllers\Cms\Contactinfo->contactinfo_form('assets', 'libs', 'flatpickr', 'flatpickr.min.js')
 4 SYSTEMPATH\CodeIgniter.php(509): CodeIgniter\CodeIgniter->runController(Object(App\Controllers\Cms\Contactinfo))
 5 SYSTEMPATH\CodeIgniter.php(355): CodeIgniter\CodeIgniter->handleRequest(null, Object(Config\Cache), false)
 6 SYSTEMPATH\Boot.php(325): CodeIgniter\CodeIgniter->run()
 7 SYSTEMPATH\Boot.php(67): CodeIgniter\Boot::runCodeIgniter(Object(CodeIgniter\CodeIgniter))
 8 FCPATH\index.php(56): CodeIgniter\Boot::bootWeb(Object(Config\Paths))
CRITICAL - 2025-10-23 11:08:47 --> [Caused by] CodeIgniter\Database\Exceptions\DatabaseException: Unknown column 'assets' in 'where clause'
in SYSTEMPATH\Database\MySQLi\Connection.php on line 317.
 1 SYSTEMPATH\Database\BaseConnection.php(734): CodeIgniter\Database\MySQLi\Connection->execute('
        SELECT
          *
        FROM
          contactinfo
        WHERE
          id = assets
')
 2 SYSTEMPATH\Database\BaseConnection.php(648): CodeIgniter\Database\BaseConnection->simpleQuery('
        SELECT
          *
        FROM
          contactinfo
        WHERE
          id = assets
')
 3 APPPATH\Models\Cms\SuperModel.php(68): CodeIgniter\Database\BaseConnection->query('
        SELECT
          *
        FROM
          contactinfo
        WHERE
          id = assets
', [...])
 4 APPPATH\Controllers\Cms\Contactinfo.php(70): App\Models\Cms\SuperModel->selectSingleData_m('contactinfo', 'assets')
 5 SYSTEMPATH\CodeIgniter.php(933): App\Controllers\Cms\Contactinfo->contactinfo_form('assets', 'libs', 'flatpickr', 'flatpickr.min.js')
 6 SYSTEMPATH\CodeIgniter.php(509): CodeIgniter\CodeIgniter->runController(Object(App\Controllers\Cms\Contactinfo))
 7 SYSTEMPATH\CodeIgniter.php(355): CodeIgniter\CodeIgniter->handleRequest(null, Object(Config\Cache), false)
 8 SYSTEMPATH\Boot.php(325): CodeIgniter\CodeIgniter->run()
 9 SYSTEMPATH\Boot.php(67): CodeIgniter\Boot::runCodeIgniter(Object(CodeIgniter\CodeIgniter))
10 FCPATH\index.php(56): CodeIgniter\Boot::bootWeb(Object(Config\Paths))
CRITICAL - 2025-10-23 11:08:47 --> [Caused by] mysqli_sql_exception: Unknown column 'assets' in 'where clause'
in SYSTEMPATH\Database\MySQLi\Connection.php on line 312.
 1 SYSTEMPATH\Database\MySQLi\Connection.php(312): mysqli->query('
        SELECT
          *
        FROM
          contactinfo
        WHERE
          id = assets
', 0)
 2 SYSTEMPATH\Database\BaseConnection.php(734): CodeIgniter\Database\MySQLi\Connection->execute('
        SELECT
          *
        FROM
          contactinfo
        WHERE
          id = assets
')
 3 SYSTEMPATH\Database\BaseConnection.php(648): CodeIgniter\Database\BaseConnection->simpleQuery('
        SELECT
          *
        FROM
          contactinfo
        WHERE
          id = assets
')
 4 APPPATH\Models\Cms\SuperModel.php(68): CodeIgniter\Database\BaseConnection->query('
        SELECT
          *
        FROM
          contactinfo
        WHERE
          id = assets
', [...])
 5 APPPATH\Controllers\Cms\Contactinfo.php(70): App\Models\Cms\SuperModel->selectSingleData_m('contactinfo', 'assets')
 6 SYSTEMPATH\CodeIgniter.php(933): App\Controllers\Cms\Contactinfo->contactinfo_form('assets', 'libs', 'flatpickr', 'flatpickr.min.js')
 7 SYSTEMPATH\CodeIgniter.php(509): CodeIgniter\CodeIgniter->runController(Object(App\Controllers\Cms\Contactinfo))
 8 SYSTEMPATH\CodeIgniter.php(355): CodeIgniter\CodeIgniter->handleRequest(null, Object(Config\Cache), false)
 9 SYSTEMPATH\Boot.php(325): CodeIgniter\CodeIgniter->run()
10 SYSTEMPATH\Boot.php(67): CodeIgniter\Boot::runCodeIgniter(Object(CodeIgniter\CodeIgniter))
11 FCPATH\index.php(56): CodeIgniter\Boot::bootWeb(Object(Config\Paths))
INFO - 2025-10-23 11:08:47 --> Session: Class initialized using 'CodeIgniter\Session\Handlers\FileHandler' driver.
ERROR - 2025-10-23 11:08:47 --> mysqli_sql_exception: Unknown column 'assets' in 'where clause' in C:\xampp\htdocs\brandit\system\Database\MySQLi\Connection.php:312
Stack trace:
#0 C:\xampp\htdocs\brandit\system\Database\MySQLi\Connection.php(312): mysqli->query('\r\n        SELEC...', 0)
#1 C:\xampp\htdocs\brandit\system\Database\BaseConnection.php(734): CodeIgniter\Database\MySQLi\Connection->execute('\r\n        SELEC...')
#2 C:\xampp\htdocs\brandit\system\Database\BaseConnection.php(648): CodeIgniter\Database\BaseConnection->simpleQuery('\r\n        SELEC...')
#3 C:\xampp\htdocs\brandit\app\Models\Cms\SuperModel.php(68): CodeIgniter\Database\BaseConnection->query('\r\n        SELEC...', Array)
#4 C:\xampp\htdocs\brandit\app\Controllers\Cms\Contactinfo.php(70): App\Models\Cms\SuperModel->selectSingleData_m('contactinfo', 'assets')
#5 C:\xampp\htdocs\brandit\system\CodeIgniter.php(933): App\Controllers\Cms\Contactinfo->contactinfo_form('assets', 'libs', 'choices.js', 'public', 'assets', 'scripts', 'choices.min.js')
#6 C:\xampp\htdocs\brandit\system\CodeIgniter.php(509): CodeIgniter\CodeIgniter->runController(Object(App\Controllers\Cms\Contactinfo))
#7 C:\xampp\htdocs\brandit\system\CodeIgniter.php(355): CodeIgniter\CodeIgniter->handleRequest(NULL, Object(Config\Cache), false)
#8 C:\xampp\htdocs\brandit\system\Boot.php(325): CodeIgniter\CodeIgniter->run()
#9 C:\xampp\htdocs\brandit\system\Boot.php(67): CodeIgniter\Boot::runCodeIgniter(Object(CodeIgniter\CodeIgniter))
#10 C:\xampp\htdocs\brandit\index.php(56): CodeIgniter\Boot::bootWeb(Object(Config\Paths))
#11 {main}
CRITICAL - 2025-10-23 11:08:47 --> CodeIgniter\Database\Exceptions\DatabaseException: Unknown column 'assets' in 'where clause'
[Method: GET, Route: cms/contactinfo/contactinfo_form/assets/libs/choices.js/public/assets/scripts/choices.min.js]
in SYSTEMPATH\Database\BaseConnection.php on line 688.
 1 APPPATH\Models\Cms\SuperModel.php(68): CodeIgniter\Database\BaseConnection->query('
        SELECT
          *
        FROM
          contactinfo
        WHERE
          id = assets
', [...])
 2 APPPATH\Controllers\Cms\Contactinfo.php(70): App\Models\Cms\SuperModel->selectSingleData_m('contactinfo', 'assets')
 3 SYSTEMPATH\CodeIgniter.php(933): App\Controllers\Cms\Contactinfo->contactinfo_form('assets', 'libs', 'choices.js', 'public', 'assets', 'scripts', 'choices.min.js')
 4 SYSTEMPATH\CodeIgniter.php(509): CodeIgniter\CodeIgniter->runController(Object(App\Controllers\Cms\Contactinfo))
 5 SYSTEMPATH\CodeIgniter.php(355): CodeIgniter\CodeIgniter->handleRequest(null, Object(Config\Cache), false)
 6 SYSTEMPATH\Boot.php(325): CodeIgniter\CodeIgniter->run()
 7 SYSTEMPATH\Boot.php(67): CodeIgniter\Boot::runCodeIgniter(Object(CodeIgniter\CodeIgniter))
 8 FCPATH\index.php(56): CodeIgniter\Boot::bootWeb(Object(Config\Paths))
CRITICAL - 2025-10-23 11:08:47 --> [Caused by] CodeIgniter\Database\Exceptions\DatabaseException: Unknown column 'assets' in 'where clause'
in SYSTEMPATH\Database\MySQLi\Connection.php on line 317.
 1 SYSTEMPATH\Database\BaseConnection.php(734): CodeIgniter\Database\MySQLi\Connection->execute('
        SELECT
          *
        FROM
          contactinfo
        WHERE
          id = assets
')
 2 SYSTEMPATH\Database\BaseConnection.php(648): CodeIgniter\Database\BaseConnection->simpleQuery('
        SELECT
          *
        FROM
          contactinfo
        WHERE
          id = assets
')
 3 APPPATH\Models\Cms\SuperModel.php(68): CodeIgniter\Database\BaseConnection->query('
        SELECT
          *
        FROM
          contactinfo
        WHERE
          id = assets
', [...])
 4 APPPATH\Controllers\Cms\Contactinfo.php(70): App\Models\Cms\SuperModel->selectSingleData_m('contactinfo', 'assets')
 5 SYSTEMPATH\CodeIgniter.php(933): App\Controllers\Cms\Contactinfo->contactinfo_form('assets', 'libs', 'choices.js', 'public', 'assets', 'scripts', 'choices.min.js')
 6 SYSTEMPATH\CodeIgniter.php(509): CodeIgniter\CodeIgniter->runController(Object(App\Controllers\Cms\Contactinfo))
 7 SYSTEMPATH\CodeIgniter.php(355): CodeIgniter\CodeIgniter->handleRequest(null, Object(Config\Cache), false)
 8 SYSTEMPATH\Boot.php(325): CodeIgniter\CodeIgniter->run()
 9 SYSTEMPATH\Boot.php(67): CodeIgniter\Boot::runCodeIgniter(Object(CodeIgniter\CodeIgniter))
10 FCPATH\index.php(56): CodeIgniter\Boot::bootWeb(Object(Config\Paths))
CRITICAL - 2025-10-23 11:08:47 --> [Caused by] mysqli_sql_exception: Unknown column 'assets' in 'where clause'
in SYSTEMPATH\Database\MySQLi\Connection.php on line 312.
 1 SYSTEMPATH\Database\MySQLi\Connection.php(312): mysqli->query('
        SELECT
          *
        FROM
          contactinfo
        WHERE
          id = assets
', 0)
 2 SYSTEMPATH\Database\BaseConnection.php(734): CodeIgniter\Database\MySQLi\Connection->execute('
        SELECT
          *
        FROM
          contactinfo
        WHERE
          id = assets
')
 3 SYSTEMPATH\Database\BaseConnection.php(648): CodeIgniter\Database\BaseConnection->simpleQuery('
        SELECT
          *
        FROM
          contactinfo
        WHERE
          id = assets
')
 4 APPPATH\Models\Cms\SuperModel.php(68): CodeIgniter\Database\BaseConnection->query('
        SELECT
          *
        FROM
          contactinfo
        WHERE
          id = assets
', [...])
 5 APPPATH\Controllers\Cms\Contactinfo.php(70): App\Models\Cms\SuperModel->selectSingleData_m('contactinfo', 'assets')
 6 SYSTEMPATH\CodeIgniter.php(933): App\Controllers\Cms\Contactinfo->contactinfo_form('assets', 'libs', 'choices.js', 'public', 'assets', 'scripts', 'choices.min.js')
 7 SYSTEMPATH\CodeIgniter.php(509): CodeIgniter\CodeIgniter->runController(Object(App\Controllers\Cms\Contactinfo))
 8 SYSTEMPATH\CodeIgniter.php(355): CodeIgniter\CodeIgniter->handleRequest(null, Object(Config\Cache), false)
 9 SYSTEMPATH\Boot.php(325): CodeIgniter\CodeIgniter->run()
10 SYSTEMPATH\Boot.php(67): CodeIgniter\Boot::runCodeIgniter(Object(CodeIgniter\CodeIgniter))
11 FCPATH\index.php(56): CodeIgniter\Boot::bootWeb(Object(Config\Paths))
INFO - 2025-10-23 11:08:50 --> Session: Class initialized using 'CodeIgniter\Session\Handlers\FileHandler' driver.
INFO - 2025-10-23 11:08:59 --> Session: Class initialized using 'CodeIgniter\Session\Handlers\FileHandler' driver.
INFO - 2025-10-23 11:10:06 --> Session: Class initialized using 'CodeIgniter\Session\Handlers\FileHandler' driver.
INFO - 2025-10-23 11:10:09 --> Session: Class initialized using 'CodeIgniter\Session\Handlers\FileHandler' driver.
INFO - 2025-10-23 11:10:13 --> Session: Class initialized using 'CodeIgniter\Session\Handlers\FileHandler' driver.
INFO - 2025-10-23 11:10:21 --> Session: Class initialized using 'CodeIgniter\Session\Handlers\FileHandler' driver.
INFO - 2025-10-23 11:10:46 --> Session: Class initialized using 'CodeIgniter\Session\Handlers\FileHandler' driver.
INFO - 2025-10-23 11:11:32 --> Session: Class initialized using 'CodeIgniter\Session\Handlers\FileHandler' driver.
INFO - 2025-10-23 11:19:05 --> Session: Class initialized using 'CodeIgniter\Session\Handlers\FileHandler' driver.
INFO - 2025-10-23 11:19:06 --> Session: Class initialized using 'CodeIgniter\Session\Handlers\FileHandler' driver.
ERROR - 2025-10-23 11:19:06 --> mysqli_sql_exception: Unknown column 'assets' in 'where clause' in C:\xampp\htdocs\brandit\system\Database\MySQLi\Connection.php:312
Stack trace:
#0 C:\xampp\htdocs\brandit\system\Database\MySQLi\Connection.php(312): mysqli->query('\r\n        SELEC...', 0)
#1 C:\xampp\htdocs\brandit\system\Database\BaseConnection.php(734): CodeIgniter\Database\MySQLi\Connection->execute('\r\n        SELEC...')
#2 C:\xampp\htdocs\brandit\system\Database\BaseConnection.php(648): CodeIgniter\Database\BaseConnection->simpleQuery('\r\n        SELEC...')
#3 C:\xampp\htdocs\brandit\app\Models\Cms\SuperModel.php(68): CodeIgniter\Database\BaseConnection->query('\r\n        SELEC...', Array)
#4 C:\xampp\htdocs\brandit\app\Controllers\Cms\Contactinfo.php(70): App\Models\Cms\SuperModel->selectSingleData_m('contactinfo', 'assets')
#5 C:\xampp\htdocs\brandit\system\CodeIgniter.php(933): App\Controllers\Cms\Contactinfo->contactinfo_form('assets', 'libs', 'choices.js', 'public', 'assets', 'scripts', 'choices.min.js')
#6 C:\xampp\htdocs\brandit\system\CodeIgniter.php(509): CodeIgniter\CodeIgniter->runController(Object(App\Controllers\Cms\Contactinfo))
#7 C:\xampp\htdocs\brandit\system\CodeIgniter.php(355): CodeIgniter\CodeIgniter->handleRequest(NULL, Object(Config\Cache), false)
#8 C:\xampp\htdocs\brandit\system\Boot.php(325): CodeIgniter\CodeIgniter->run()
#9 C:\xampp\htdocs\brandit\system\Boot.php(67): CodeIgniter\Boot::runCodeIgniter(Object(CodeIgniter\CodeIgniter))
#10 C:\xampp\htdocs\brandit\index.php(56): CodeIgniter\Boot::bootWeb(Object(Config\Paths))
#11 {main}
CRITICAL - 2025-10-23 11:19:06 --> CodeIgniter\Database\Exceptions\DatabaseException: Unknown column 'assets' in 'where clause'
[Method: GET, Route: cms/contactinfo/contactinfo_form/assets/libs/choices.js/public/assets/scripts/choices.min.js]
in SYSTEMPATH\Database\BaseConnection.php on line 688.
 1 APPPATH\Models\Cms\SuperModel.php(68): CodeIgniter\Database\BaseConnection->query('
        SELECT
          *
        FROM
          contactinfo
        WHERE
          id = assets
', [...])
 2 APPPATH\Controllers\Cms\Contactinfo.php(70): App\Models\Cms\SuperModel->selectSingleData_m('contactinfo', 'assets')
 3 SYSTEMPATH\CodeIgniter.php(933): App\Controllers\Cms\Contactinfo->contactinfo_form('assets', 'libs', 'choices.js', 'public', 'assets', 'scripts', 'choices.min.js')
 4 SYSTEMPATH\CodeIgniter.php(509): CodeIgniter\CodeIgniter->runController(Object(App\Controllers\Cms\Contactinfo))
 5 SYSTEMPATH\CodeIgniter.php(355): CodeIgniter\CodeIgniter->handleRequest(null, Object(Config\Cache), false)
 6 SYSTEMPATH\Boot.php(325): CodeIgniter\CodeIgniter->run()
 7 SYSTEMPATH\Boot.php(67): CodeIgniter\Boot::runCodeIgniter(Object(CodeIgniter\CodeIgniter))
 8 FCPATH\index.php(56): CodeIgniter\Boot::bootWeb(Object(Config\Paths))
CRITICAL - 2025-10-23 11:19:06 --> [Caused by] CodeIgniter\Database\Exceptions\DatabaseException: Unknown column 'assets' in 'where clause'
in SYSTEMPATH\Database\MySQLi\Connection.php on line 317.
 1 SYSTEMPATH\Database\BaseConnection.php(734): CodeIgniter\Database\MySQLi\Connection->execute('
        SELECT
          *
        FROM
          contactinfo
        WHERE
          id = assets
')
 2 SYSTEMPATH\Database\BaseConnection.php(648): CodeIgniter\Database\BaseConnection->simpleQuery('
        SELECT
          *
        FROM
          contactinfo
        WHERE
          id = assets
')
 3 APPPATH\Models\Cms\SuperModel.php(68): CodeIgniter\Database\BaseConnection->query('
        SELECT
          *
        FROM
          contactinfo
        WHERE
          id = assets
', [...])
 4 APPPATH\Controllers\Cms\Contactinfo.php(70): App\Models\Cms\SuperModel->selectSingleData_m('contactinfo', 'assets')
 5 SYSTEMPATH\CodeIgniter.php(933): App\Controllers\Cms\Contactinfo->contactinfo_form('assets', 'libs', 'choices.js', 'public', 'assets', 'scripts', 'choices.min.js')
 6 SYSTEMPATH\CodeIgniter.php(509): CodeIgniter\CodeIgniter->runController(Object(App\Controllers\Cms\Contactinfo))
 7 SYSTEMPATH\CodeIgniter.php(355): CodeIgniter\CodeIgniter->handleRequest(null, Object(Config\Cache), false)
 8 SYSTEMPATH\Boot.php(325): CodeIgniter\CodeIgniter->run()
 9 SYSTEMPATH\Boot.php(67): CodeIgniter\Boot::runCodeIgniter(Object(CodeIgniter\CodeIgniter))
10 FCPATH\index.php(56): CodeIgniter\Boot::bootWeb(Object(Config\Paths))
CRITICAL - 2025-10-23 11:19:06 --> [Caused by] mysqli_sql_exception: Unknown column 'assets' in 'where clause'
in SYSTEMPATH\Database\MySQLi\Connection.php on line 312.
 1 SYSTEMPATH\Database\MySQLi\Connection.php(312): mysqli->query('
        SELECT
          *
        FROM
          contactinfo
        WHERE
          id = assets
', 0)
 2 SYSTEMPATH\Database\BaseConnection.php(734): CodeIgniter\Database\MySQLi\Connection->execute('
        SELECT
          *
        FROM
          contactinfo
        WHERE
          id = assets
')
 3 SYSTEMPATH\Database\BaseConnection.php(648): CodeIgniter\Database\BaseConnection->simpleQuery('
        SELECT
          *
        FROM
          contactinfo
        WHERE
          id = assets
')
 4 APPPATH\Models\Cms\SuperModel.php(68): CodeIgniter\Database\BaseConnection->query('
        SELECT
          *
        FROM
          contactinfo
        WHERE
          id = assets
', [...])
 5 APPPATH\Controllers\Cms\Contactinfo.php(70): App\Models\Cms\SuperModel->selectSingleData_m('contactinfo', 'assets')
 6 SYSTEMPATH\CodeIgniter.php(933): App\Controllers\Cms\Contactinfo->contactinfo_form('assets', 'libs', 'choices.js', 'public', 'assets', 'scripts', 'choices.min.js')
 7 SYSTEMPATH\CodeIgniter.php(509): CodeIgniter\CodeIgniter->runController(Object(App\Controllers\Cms\Contactinfo))
 8 SYSTEMPATH\CodeIgniter.php(355): CodeIgniter\CodeIgniter->handleRequest(null, Object(Config\Cache), false)
 9 SYSTEMPATH\Boot.php(325): CodeIgniter\CodeIgniter->run()
10 SYSTEMPATH\Boot.php(67): CodeIgniter\Boot::runCodeIgniter(Object(CodeIgniter\CodeIgniter))
11 FCPATH\index.php(56): CodeIgniter\Boot::bootWeb(Object(Config\Paths))
INFO - 2025-10-23 11:19:06 --> Session: Class initialized using 'CodeIgniter\Session\Handlers\FileHandler' driver.
ERROR - 2025-10-23 11:19:06 --> mysqli_sql_exception: Unknown column 'assets' in 'where clause' in C:\xampp\htdocs\brandit\system\Database\MySQLi\Connection.php:312
Stack trace:
#0 C:\xampp\htdocs\brandit\system\Database\MySQLi\Connection.php(312): mysqli->query('\r\n        SELEC...', 0)
#1 C:\xampp\htdocs\brandit\system\Database\BaseConnection.php(734): CodeIgniter\Database\MySQLi\Connection->execute('\r\n        SELEC...')
#2 C:\xampp\htdocs\brandit\system\Database\BaseConnection.php(648): CodeIgniter\Database\BaseConnection->simpleQuery('\r\n        SELEC...')
#3 C:\xampp\htdocs\brandit\app\Models\Cms\SuperModel.php(68): CodeIgniter\Database\BaseConnection->query('\r\n        SELEC...', Array)
#4 C:\xampp\htdocs\brandit\app\Controllers\Cms\Contactinfo.php(70): App\Models\Cms\SuperModel->selectSingleData_m('contactinfo', 'assets')
#5 C:\xampp\htdocs\brandit\system\CodeIgniter.php(933): App\Controllers\Cms\Contactinfo->contactinfo_form('assets', 'libs', 'flatpickr', 'flatpickr.min.j...')
#6 C:\xampp\htdocs\brandit\system\CodeIgniter.php(509): CodeIgniter\CodeIgniter->runController(Object(App\Controllers\Cms\Contactinfo))
#7 C:\xampp\htdocs\brandit\system\CodeIgniter.php(355): CodeIgniter\CodeIgniter->handleRequest(NULL, Object(Config\Cache), false)
#8 C:\xampp\htdocs\brandit\system\Boot.php(325): CodeIgniter\CodeIgniter->run()
#9 C:\xampp\htdocs\brandit\system\Boot.php(67): CodeIgniter\Boot::runCodeIgniter(Object(CodeIgniter\CodeIgniter))
#10 C:\xampp\htdocs\brandit\index.php(56): CodeIgniter\Boot::bootWeb(Object(Config\Paths))
#11 {main}
CRITICAL - 2025-10-23 11:19:06 --> CodeIgniter\Database\Exceptions\DatabaseException: Unknown column 'assets' in 'where clause'
[Method: GET, Route: cms/contactinfo/contactinfo_form/assets/libs/flatpickr/flatpickr.min.js]
in SYSTEMPATH\Database\BaseConnection.php on line 688.
 1 APPPATH\Models\Cms\SuperModel.php(68): CodeIgniter\Database\BaseConnection->query('
        SELECT
          *
        FROM
          contactinfo
        WHERE
          id = assets
', [...])
 2 APPPATH\Controllers\Cms\Contactinfo.php(70): App\Models\Cms\SuperModel->selectSingleData_m('contactinfo', 'assets')
 3 SYSTEMPATH\CodeIgniter.php(933): App\Controllers\Cms\Contactinfo->contactinfo_form('assets', 'libs', 'flatpickr', 'flatpickr.min.js')
 4 SYSTEMPATH\CodeIgniter.php(509): CodeIgniter\CodeIgniter->runController(Object(App\Controllers\Cms\Contactinfo))
 5 SYSTEMPATH\CodeIgniter.php(355): CodeIgniter\CodeIgniter->handleRequest(null, Object(Config\Cache), false)
 6 SYSTEMPATH\Boot.php(325): CodeIgniter\CodeIgniter->run()
 7 SYSTEMPATH\Boot.php(67): CodeIgniter\Boot::runCodeIgniter(Object(CodeIgniter\CodeIgniter))
 8 FCPATH\index.php(56): CodeIgniter\Boot::bootWeb(Object(Config\Paths))
CRITICAL - 2025-10-23 11:19:06 --> [Caused by] CodeIgniter\Database\Exceptions\DatabaseException: Unknown column 'assets' in 'where clause'
in SYSTEMPATH\Database\MySQLi\Connection.php on line 317.
 1 SYSTEMPATH\Database\BaseConnection.php(734): CodeIgniter\Database\MySQLi\Connection->execute('
        SELECT
          *
        FROM
          contactinfo
        WHERE
          id = assets
')
 2 SYSTEMPATH\Database\BaseConnection.php(648): CodeIgniter\Database\BaseConnection->simpleQuery('
        SELECT
          *
        FROM
          contactinfo
        WHERE
          id = assets
')
 3 APPPATH\Models\Cms\SuperModel.php(68): CodeIgniter\Database\BaseConnection->query('
        SELECT
          *
        FROM
          contactinfo
        WHERE
          id = assets
', [...])
 4 APPPATH\Controllers\Cms\Contactinfo.php(70): App\Models\Cms\SuperModel->selectSingleData_m('contactinfo', 'assets')
 5 SYSTEMPATH\CodeIgniter.php(933): App\Controllers\Cms\Contactinfo->contactinfo_form('assets', 'libs', 'flatpickr', 'flatpickr.min.js')
 6 SYSTEMPATH\CodeIgniter.php(509): CodeIgniter\CodeIgniter->runController(Object(App\Controllers\Cms\Contactinfo))
 7 SYSTEMPATH\CodeIgniter.php(355): CodeIgniter\CodeIgniter->handleRequest(null, Object(Config\Cache), false)
 8 SYSTEMPATH\Boot.php(325): CodeIgniter\CodeIgniter->run()
 9 SYSTEMPATH\Boot.php(67): CodeIgniter\Boot::runCodeIgniter(Object(CodeIgniter\CodeIgniter))
10 FCPATH\index.php(56): CodeIgniter\Boot::bootWeb(Object(Config\Paths))
CRITICAL - 2025-10-23 11:19:06 --> [Caused by] mysqli_sql_exception: Unknown column 'assets' in 'where clause'
in SYSTEMPATH\Database\MySQLi\Connection.php on line 312.
 1 SYSTEMPATH\Database\MySQLi\Connection.php(312): mysqli->query('
        SELECT
          *
        FROM
          contactinfo
        WHERE
          id = assets
', 0)
 2 SYSTEMPATH\Database\BaseConnection.php(734): CodeIgniter\Database\MySQLi\Connection->execute('
        SELECT
          *
        FROM
          contactinfo
        WHERE
          id = assets
')
 3 SYSTEMPATH\Database\BaseConnection.php(648): CodeIgniter\Database\BaseConnection->simpleQuery('
        SELECT
          *
        FROM
          contactinfo
        WHERE
          id = assets
')
 4 APPPATH\Models\Cms\SuperModel.php(68): CodeIgniter\Database\BaseConnection->query('
        SELECT
          *
        FROM
          contactinfo
        WHERE
          id = assets
', [...])
 5 APPPATH\Controllers\Cms\Contactinfo.php(70): App\Models\Cms\SuperModel->selectSingleData_m('contactinfo', 'assets')
 6 SYSTEMPATH\CodeIgniter.php(933): App\Controllers\Cms\Contactinfo->contactinfo_form('assets', 'libs', 'flatpickr', 'flatpickr.min.js')
 7 SYSTEMPATH\CodeIgniter.php(509): CodeIgniter\CodeIgniter->runController(Object(App\Controllers\Cms\Contactinfo))
 8 SYSTEMPATH\CodeIgniter.php(355): CodeIgniter\CodeIgniter->handleRequest(null, Object(Config\Cache), false)
 9 SYSTEMPATH\Boot.php(325): CodeIgniter\CodeIgniter->run()
10 SYSTEMPATH\Boot.php(67): CodeIgniter\Boot::runCodeIgniter(Object(CodeIgniter\CodeIgniter))
11 FCPATH\index.php(56): CodeIgniter\Boot::bootWeb(Object(Config\Paths))
INFO - 2025-10-23 11:20:21 --> Session: Class initialized using 'CodeIgniter\Session\Handlers\FileHandler' driver.
INFO - 2025-10-23 11:20:22 --> Session: Class initialized using 'CodeIgniter\Session\Handlers\FileHandler' driver.
INFO - 2025-10-23 11:20:22 --> Session: Class initialized using 'CodeIgniter\Session\Handlers\FileHandler' driver.
INFO - 2025-10-23 11:20:22 --> Session: Class initialized using 'CodeIgniter\Session\Handlers\FileHandler' driver.
INFO - 2025-10-23 11:25:49 --> Session: Class initialized using 'CodeIgniter\Session\Handlers\FileHandler' driver.
INFO - 2025-10-23 11:25:49 --> Session: Class initialized using 'CodeIgniter\Session\Handlers\FileHandler' driver.
INFO - 2025-10-23 11:25:49 --> Session: Class initialized using 'CodeIgniter\Session\Handlers\FileHandler' driver.
INFO - 2025-10-23 11:25:59 --> Session: Class initialized using 'CodeIgniter\Session\Handlers\FileHandler' driver.
INFO - 2025-10-23 11:26:00 --> Session: Class initialized using 'CodeIgniter\Session\Handlers\FileHandler' driver.
INFO - 2025-10-23 11:26:00 --> Session: Class initialized using 'CodeIgniter\Session\Handlers\FileHandler' driver.
INFO - 2025-10-23 11:26:33 --> Session: Class initialized using 'CodeIgniter\Session\Handlers\FileHandler' driver.
INFO - 2025-10-23 11:26:33 --> Session: Class initialized using 'CodeIgniter\Session\Handlers\FileHandler' driver.
INFO - 2025-10-23 11:26:33 --> Session: Class initialized using 'CodeIgniter\Session\Handlers\FileHandler' driver.
INFO - 2025-10-23 11:28:17 --> Session: Class initialized using 'CodeIgniter\Session\Handlers\FileHandler' driver.
INFO - 2025-10-23 11:28:17 --> Session: Class initialized using 'CodeIgniter\Session\Handlers\FileHandler' driver.
INFO - 2025-10-23 11:28:18 --> Session: Class initialized using 'CodeIgniter\Session\Handlers\FileHandler' driver.
INFO - 2025-10-23 11:32:38 --> Session: Class initialized using 'CodeIgniter\Session\Handlers\FileHandler' driver.
INFO - 2025-10-23 11:32:58 --> Session: Class initialized using 'CodeIgniter\Session\Handlers\FileHandler' driver.
INFO - 2025-10-23 11:33:54 --> Session: Class initialized using 'CodeIgniter\Session\Handlers\FileHandler' driver.
INFO - 2025-10-23 11:35:16 --> Session: Class initialized using 'CodeIgniter\Session\Handlers\FileHandler' driver.
INFO - 2025-10-23 11:37:05 --> Session: Class initialized using 'CodeIgniter\Session\Handlers\FileHandler' driver.
INFO - 2025-10-23 11:37:44 --> Session: Class initialized using 'CodeIgniter\Session\Handlers\FileHandler' driver.
INFO - 2025-10-23 11:38:53 --> Session: Class initialized using 'CodeIgniter\Session\Handlers\FileHandler' driver.
INFO - 2025-10-23 11:39:49 --> Session: Class initialized using 'CodeIgniter\Session\Handlers\FileHandler' driver.
INFO - 2025-10-23 11:39:58 --> Session: Class initialized using 'CodeIgniter\Session\Handlers\FileHandler' driver.
INFO - 2025-10-23 11:40:13 --> Session: Class initialized using 'CodeIgniter\Session\Handlers\FileHandler' driver.
INFO - 2025-10-23 11:41:24 --> Session: Class initialized using 'CodeIgniter\Session\Handlers\FileHandler' driver.
CRITICAL - 2025-10-23 11:41:24 --> ErrorException: Undefined array key "mobileksa"
[Method: POST, Route: Cms/contactinfo/contactinfo_save]
in APPPATH\Controllers\Cms\Contactinfo.php on line 89.
 1 APPPATH\Controllers\Cms\Contactinfo.php(89): CodeIgniter\Debug\Exceptions->errorHandler(2, 'Undefined array key "mobileksa"', 'C:\\xampp\\htdocs\\brandit\\app\\Controllers\\Cms\\Contactinfo.php', 89)
 2 SYSTEMPATH\CodeIgniter.php(933): App\Controllers\Cms\Contactinfo->contactinfo_save()
 3 SYSTEMPATH\CodeIgniter.php(509): CodeIgniter\CodeIgniter->runController(Object(App\Controllers\Cms\Contactinfo))
 4 SYSTEMPATH\CodeIgniter.php(355): CodeIgniter\CodeIgniter->handleRequest(null, Object(Config\Cache), false)
 5 SYSTEMPATH\Boot.php(325): CodeIgniter\CodeIgniter->run()
 6 SYSTEMPATH\Boot.php(67): CodeIgniter\Boot::runCodeIgniter(Object(CodeIgniter\CodeIgniter))
 7 FCPATH\index.php(56): CodeIgniter\Boot::bootWeb(Object(Config\Paths))
INFO - 2025-10-23 11:41:47 --> Session: Class initialized using 'CodeIgniter\Session\Handlers\FileHandler' driver.
CRITICAL - 2025-10-23 11:41:47 --> ErrorException: Undefined array key "mobileksa"
[Method: POST, Route: Cms/contactinfo/contactinfo_save]
in APPPATH\Controllers\Cms\Contactinfo.php on line 89.
 1 APPPATH\Controllers\Cms\Contactinfo.php(89): CodeIgniter\Debug\Exceptions->errorHandler(2, 'Undefined array key "mobileksa"', 'C:\\xampp\\htdocs\\brandit\\app\\Controllers\\Cms\\Contactinfo.php', 89)
 2 SYSTEMPATH\CodeIgniter.php(933): App\Controllers\Cms\Contactinfo->contactinfo_save()
 3 SYSTEMPATH\CodeIgniter.php(509): CodeIgniter\CodeIgniter->runController(Object(App\Controllers\Cms\Contactinfo))
 4 SYSTEMPATH\CodeIgniter.php(355): CodeIgniter\CodeIgniter->handleRequest(null, Object(Config\Cache), false)
 5 SYSTEMPATH\Boot.php(325): CodeIgniter\CodeIgniter->run()
 6 SYSTEMPATH\Boot.php(67): CodeIgniter\Boot::runCodeIgniter(Object(CodeIgniter\CodeIgniter))
 7 FCPATH\index.php(56): CodeIgniter\Boot::bootWeb(Object(Config\Paths))
INFO - 2025-10-23 11:42:14 --> Session: Class initialized using 'CodeIgniter\Session\Handlers\FileHandler' driver.
CRITICAL - 2025-10-23 11:42:14 --> ErrorException: Undefined array key "mobileksa"
[Method: POST, Route: Cms/contactinfo/contactinfo_save]
in APPPATH\Controllers\Cms\Contactinfo.php on line 89.
 1 APPPATH\Controllers\Cms\Contactinfo.php(89): CodeIgniter\Debug\Exceptions->errorHandler(2, 'Undefined array key "mobileksa"', 'C:\\xampp\\htdocs\\brandit\\app\\Controllers\\Cms\\Contactinfo.php', 89)
 2 SYSTEMPATH\CodeIgniter.php(933): App\Controllers\Cms\Contactinfo->contactinfo_save()
 3 SYSTEMPATH\CodeIgniter.php(509): CodeIgniter\CodeIgniter->runController(Object(App\Controllers\Cms\Contactinfo))
 4 SYSTEMPATH\CodeIgniter.php(355): CodeIgniter\CodeIgniter->handleRequest(null, Object(Config\Cache), false)
 5 SYSTEMPATH\Boot.php(325): CodeIgniter\CodeIgniter->run()
 6 SYSTEMPATH\Boot.php(67): CodeIgniter\Boot::runCodeIgniter(Object(CodeIgniter\CodeIgniter))
 7 FCPATH\index.php(56): CodeIgniter\Boot::bootWeb(Object(Config\Paths))
INFO - 2025-10-23 11:42:15 --> Session: Class initialized using 'CodeIgniter\Session\Handlers\FileHandler' driver.
INFO - 2025-10-23 11:42:15 --> Session: Class initialized using 'CodeIgniter\Session\Handlers\FileHandler' driver.
ERROR - 2025-10-23 11:42:15 --> mysqli_sql_exception: Unknown column 'assets' in 'where clause' in C:\xampp\htdocs\brandit\system\Database\MySQLi\Connection.php:312
Stack trace:
#0 C:\xampp\htdocs\brandit\system\Database\MySQLi\Connection.php(312): mysqli->query('\r\n        SELEC...', 0)
#1 C:\xampp\htdocs\brandit\system\Database\BaseConnection.php(734): CodeIgniter\Database\MySQLi\Connection->execute('\r\n        SELEC...')
#2 C:\xampp\htdocs\brandit\system\Database\BaseConnection.php(648): CodeIgniter\Database\BaseConnection->simpleQuery('\r\n        SELEC...')
#3 C:\xampp\htdocs\brandit\app\Models\Cms\SuperModel.php(68): CodeIgniter\Database\BaseConnection->query('\r\n        SELEC...', Array)
#4 C:\xampp\htdocs\brandit\app\Controllers\Cms\Contactinfo.php(70): App\Models\Cms\SuperModel->selectSingleData_m('contactinfo', 'assets')
#5 C:\xampp\htdocs\brandit\system\CodeIgniter.php(933): App\Controllers\Cms\Contactinfo->contactinfo_form('assets', 'libs', 'flatpickr', 'flatpickr.min.j...')
#6 C:\xampp\htdocs\brandit\system\CodeIgniter.php(509): CodeIgniter\CodeIgniter->runController(Object(App\Controllers\Cms\Contactinfo))
#7 C:\xampp\htdocs\brandit\system\CodeIgniter.php(355): CodeIgniter\CodeIgniter->handleRequest(NULL, Object(Config\Cache), false)
#8 C:\xampp\htdocs\brandit\system\Boot.php(325): CodeIgniter\CodeIgniter->run()
#9 C:\xampp\htdocs\brandit\system\Boot.php(67): CodeIgniter\Boot::runCodeIgniter(Object(CodeIgniter\CodeIgniter))
#10 C:\xampp\htdocs\brandit\index.php(56): CodeIgniter\Boot::bootWeb(Object(Config\Paths))
#11 {main}
CRITICAL - 2025-10-23 11:42:15 --> CodeIgniter\Database\Exceptions\DatabaseException: Unknown column 'assets' in 'where clause'
[Method: GET, Route: cms/contactinfo/contactinfo_form/assets/libs/flatpickr/flatpickr.min.js]
in SYSTEMPATH\Database\BaseConnection.php on line 688.
 1 APPPATH\Models\Cms\SuperModel.php(68): CodeIgniter\Database\BaseConnection->query('
        SELECT
          *
        FROM
          contactinfo
        WHERE
          id = assets
', [...])
 2 APPPATH\Controllers\Cms\Contactinfo.php(70): App\Models\Cms\SuperModel->selectSingleData_m('contactinfo', 'assets')
 3 SYSTEMPATH\CodeIgniter.php(933): App\Controllers\Cms\Contactinfo->contactinfo_form('assets', 'libs', 'flatpickr', 'flatpickr.min.js')
 4 SYSTEMPATH\CodeIgniter.php(509): CodeIgniter\CodeIgniter->runController(Object(App\Controllers\Cms\Contactinfo))
 5 SYSTEMPATH\CodeIgniter.php(355): CodeIgniter\CodeIgniter->handleRequest(null, Object(Config\Cache), false)
 6 SYSTEMPATH\Boot.php(325): CodeIgniter\CodeIgniter->run()
 7 SYSTEMPATH\Boot.php(67): CodeIgniter\Boot::runCodeIgniter(Object(CodeIgniter\CodeIgniter))
 8 FCPATH\index.php(56): CodeIgniter\Boot::bootWeb(Object(Config\Paths))
CRITICAL - 2025-10-23 11:42:15 --> [Caused by] CodeIgniter\Database\Exceptions\DatabaseException: Unknown column 'assets' in 'where clause'
in SYSTEMPATH\Database\MySQLi\Connection.php on line 317.
 1 SYSTEMPATH\Database\BaseConnection.php(734): CodeIgniter\Database\MySQLi\Connection->execute('
        SELECT
          *
        FROM
          contactinfo
        WHERE
          id = assets
')
 2 SYSTEMPATH\Database\BaseConnection.php(648): CodeIgniter\Database\BaseConnection->simpleQuery('
        SELECT
          *
        FROM
          contactinfo
        WHERE
          id = assets
')
 3 APPPATH\Models\Cms\SuperModel.php(68): CodeIgniter\Database\BaseConnection->query('
        SELECT
          *
        FROM
          contactinfo
        WHERE
          id = assets
', [...])
 4 APPPATH\Controllers\Cms\Contactinfo.php(70): App\Models\Cms\SuperModel->selectSingleData_m('contactinfo', 'assets')
 5 SYSTEMPATH\CodeIgniter.php(933): App\Controllers\Cms\Contactinfo->contactinfo_form('assets', 'libs', 'flatpickr', 'flatpickr.min.js')
 6 SYSTEMPATH\CodeIgniter.php(509): CodeIgniter\CodeIgniter->runController(Object(App\Controllers\Cms\Contactinfo))
 7 SYSTEMPATH\CodeIgniter.php(355): CodeIgniter\CodeIgniter->handleRequest(null, Object(Config\Cache), false)
 8 SYSTEMPATH\Boot.php(325): CodeIgniter\CodeIgniter->run()
 9 SYSTEMPATH\Boot.php(67): CodeIgniter\Boot::runCodeIgniter(Object(CodeIgniter\CodeIgniter))
10 FCPATH\index.php(56): CodeIgniter\Boot::bootWeb(Object(Config\Paths))
CRITICAL - 2025-10-23 11:42:15 --> [Caused by] mysqli_sql_exception: Unknown column 'assets' in 'where clause'
in SYSTEMPATH\Database\MySQLi\Connection.php on line 312.
 1 SYSTEMPATH\Database\MySQLi\Connection.php(312): mysqli->query('
        SELECT
          *
        FROM
          contactinfo
        WHERE
          id = assets
', 0)
 2 SYSTEMPATH\Database\BaseConnection.php(734): CodeIgniter\Database\MySQLi\Connection->execute('
        SELECT
          *
        FROM
          contactinfo
        WHERE
          id = assets
')
 3 SYSTEMPATH\Database\BaseConnection.php(648): CodeIgniter\Database\BaseConnection->simpleQuery('
        SELECT
          *
        FROM
          contactinfo
        WHERE
          id = assets
')
 4 APPPATH\Models\Cms\SuperModel.php(68): CodeIgniter\Database\BaseConnection->query('
        SELECT
          *
        FROM
          contactinfo
        WHERE
          id = assets
', [...])
 5 APPPATH\Controllers\Cms\Contactinfo.php(70): App\Models\Cms\SuperModel->selectSingleData_m('contactinfo', 'assets')
 6 SYSTEMPATH\CodeIgniter.php(933): App\Controllers\Cms\Contactinfo->contactinfo_form('assets', 'libs', 'flatpickr', 'flatpickr.min.js')
 7 SYSTEMPATH\CodeIgniter.php(509): CodeIgniter\CodeIgniter->runController(Object(App\Controllers\Cms\Contactinfo))
 8 SYSTEMPATH\CodeIgniter.php(355): CodeIgniter\CodeIgniter->handleRequest(null, Object(Config\Cache), false)
 9 SYSTEMPATH\Boot.php(325): CodeIgniter\CodeIgniter->run()
10 SYSTEMPATH\Boot.php(67): CodeIgniter\Boot::runCodeIgniter(Object(CodeIgniter\CodeIgniter))
11 FCPATH\index.php(56): CodeIgniter\Boot::bootWeb(Object(Config\Paths))
INFO - 2025-10-23 11:42:15 --> Session: Class initialized using 'CodeIgniter\Session\Handlers\FileHandler' driver.
ERROR - 2025-10-23 11:42:15 --> mysqli_sql_exception: Unknown column 'assets' in 'where clause' in C:\xampp\htdocs\brandit\system\Database\MySQLi\Connection.php:312
Stack trace:
#0 C:\xampp\htdocs\brandit\system\Database\MySQLi\Connection.php(312): mysqli->query('\r\n        SELEC...', 0)
#1 C:\xampp\htdocs\brandit\system\Database\BaseConnection.php(734): CodeIgniter\Database\MySQLi\Connection->execute('\r\n        SELEC...')
#2 C:\xampp\htdocs\brandit\system\Database\BaseConnection.php(648): CodeIgniter\Database\BaseConnection->simpleQuery('\r\n        SELEC...')
#3 C:\xampp\htdocs\brandit\app\Models\Cms\SuperModel.php(68): CodeIgniter\Database\BaseConnection->query('\r\n        SELEC...', Array)
#4 C:\xampp\htdocs\brandit\app\Controllers\Cms\Contactinfo.php(70): App\Models\Cms\SuperModel->selectSingleData_m('contactinfo', 'assets')
#5 C:\xampp\htdocs\brandit\system\CodeIgniter.php(933): App\Controllers\Cms\Contactinfo->contactinfo_form('assets', 'libs', 'choices.js', 'public', 'assets', 'scripts', 'choices.min.js')
#6 C:\xampp\htdocs\brandit\system\CodeIgniter.php(509): CodeIgniter\CodeIgniter->runController(Object(App\Controllers\Cms\Contactinfo))
#7 C:\xampp\htdocs\brandit\system\CodeIgniter.php(355): CodeIgniter\CodeIgniter->handleRequest(NULL, Object(Config\Cache), false)
#8 C:\xampp\htdocs\brandit\system\Boot.php(325): CodeIgniter\CodeIgniter->run()
#9 C:\xampp\htdocs\brandit\system\Boot.php(67): CodeIgniter\Boot::runCodeIgniter(Object(CodeIgniter\CodeIgniter))
#10 C:\xampp\htdocs\brandit\index.php(56): CodeIgniter\Boot::bootWeb(Object(Config\Paths))
#11 {main}
CRITICAL - 2025-10-23 11:42:15 --> CodeIgniter\Database\Exceptions\DatabaseException: Unknown column 'assets' in 'where clause'
[Method: GET, Route: cms/contactinfo/contactinfo_form/assets/libs/choices.js/public/assets/scripts/choices.min.js]
in SYSTEMPATH\Database\BaseConnection.php on line 688.
 1 APPPATH\Models\Cms\SuperModel.php(68): CodeIgniter\Database\BaseConnection->query('
        SELECT
          *
        FROM
          contactinfo
        WHERE
          id = assets
', [...])
 2 APPPATH\Controllers\Cms\Contactinfo.php(70): App\Models\Cms\SuperModel->selectSingleData_m('contactinfo', 'assets')
 3 SYSTEMPATH\CodeIgniter.php(933): App\Controllers\Cms\Contactinfo->contactinfo_form('assets', 'libs', 'choices.js', 'public', 'assets', 'scripts', 'choices.min.js')
 4 SYSTEMPATH\CodeIgniter.php(509): CodeIgniter\CodeIgniter->runController(Object(App\Controllers\Cms\Contactinfo))
 5 SYSTEMPATH\CodeIgniter.php(355): CodeIgniter\CodeIgniter->handleRequest(null, Object(Config\Cache), false)
 6 SYSTEMPATH\Boot.php(325): CodeIgniter\CodeIgniter->run()
 7 SYSTEMPATH\Boot.php(67): CodeIgniter\Boot::runCodeIgniter(Object(CodeIgniter\CodeIgniter))
 8 FCPATH\index.php(56): CodeIgniter\Boot::bootWeb(Object(Config\Paths))
CRITICAL - 2025-10-23 11:42:15 --> [Caused by] CodeIgniter\Database\Exceptions\DatabaseException: Unknown column 'assets' in 'where clause'
in SYSTEMPATH\Database\MySQLi\Connection.php on line 317.
 1 SYSTEMPATH\Database\BaseConnection.php(734): CodeIgniter\Database\MySQLi\Connection->execute('
        SELECT
          *
        FROM
          contactinfo
        WHERE
          id = assets
')
 2 SYSTEMPATH\Database\BaseConnection.php(648): CodeIgniter\Database\BaseConnection->simpleQuery('
        SELECT
          *
        FROM
          contactinfo
        WHERE
          id = assets
')
 3 APPPATH\Models\Cms\SuperModel.php(68): CodeIgniter\Database\BaseConnection->query('
        SELECT
          *
        FROM
          contactinfo
        WHERE
          id = assets
', [...])
 4 APPPATH\Controllers\Cms\Contactinfo.php(70): App\Models\Cms\SuperModel->selectSingleData_m('contactinfo', 'assets')
 5 SYSTEMPATH\CodeIgniter.php(933): App\Controllers\Cms\Contactinfo->contactinfo_form('assets', 'libs', 'choices.js', 'public', 'assets', 'scripts', 'choices.min.js')
 6 SYSTEMPATH\CodeIgniter.php(509): CodeIgniter\CodeIgniter->runController(Object(App\Controllers\Cms\Contactinfo))
 7 SYSTEMPATH\CodeIgniter.php(355): CodeIgniter\CodeIgniter->handleRequest(null, Object(Config\Cache), false)
 8 SYSTEMPATH\Boot.php(325): CodeIgniter\CodeIgniter->run()
 9 SYSTEMPATH\Boot.php(67): CodeIgniter\Boot::runCodeIgniter(Object(CodeIgniter\CodeIgniter))
10 FCPATH\index.php(56): CodeIgniter\Boot::bootWeb(Object(Config\Paths))
CRITICAL - 2025-10-23 11:42:15 --> [Caused by] mysqli_sql_exception: Unknown column 'assets' in 'where clause'
in SYSTEMPATH\Database\MySQLi\Connection.php on line 312.
 1 SYSTEMPATH\Database\MySQLi\Connection.php(312): mysqli->query('
        SELECT
          *
        FROM
          contactinfo
        WHERE
          id = assets
', 0)
 2 SYSTEMPATH\Database\BaseConnection.php(734): CodeIgniter\Database\MySQLi\Connection->execute('
        SELECT
          *
        FROM
          contactinfo
        WHERE
          id = assets
')
 3 SYSTEMPATH\Database\BaseConnection.php(648): CodeIgniter\Database\BaseConnection->simpleQuery('
        SELECT
          *
        FROM
          contactinfo
        WHERE
          id = assets
')
 4 APPPATH\Models\Cms\SuperModel.php(68): CodeIgniter\Database\BaseConnection->query('
        SELECT
          *
        FROM
          contactinfo
        WHERE
          id = assets
', [...])
 5 APPPATH\Controllers\Cms\Contactinfo.php(70): App\Models\Cms\SuperModel->selectSingleData_m('contactinfo', 'assets')
 6 SYSTEMPATH\CodeIgniter.php(933): App\Controllers\Cms\Contactinfo->contactinfo_form('assets', 'libs', 'choices.js', 'public', 'assets', 'scripts', 'choices.min.js')
 7 SYSTEMPATH\CodeIgniter.php(509): CodeIgniter\CodeIgniter->runController(Object(App\Controllers\Cms\Contactinfo))
 8 SYSTEMPATH\CodeIgniter.php(355): CodeIgniter\CodeIgniter->handleRequest(null, Object(Config\Cache), false)
 9 SYSTEMPATH\Boot.php(325): CodeIgniter\CodeIgniter->run()
10 SYSTEMPATH\Boot.php(67): CodeIgniter\Boot::runCodeIgniter(Object(CodeIgniter\CodeIgniter))
11 FCPATH\index.php(56): CodeIgniter\Boot::bootWeb(Object(Config\Paths))
INFO - 2025-10-23 11:42:19 --> Session: Class initialized using 'CodeIgniter\Session\Handlers\FileHandler' driver.
INFO - 2025-10-23 11:42:21 --> Session: Class initialized using 'CodeIgniter\Session\Handlers\FileHandler' driver.
INFO - 2025-10-23 11:42:24 --> Session: Class initialized using 'CodeIgniter\Session\Handlers\FileHandler' driver.
INFO - 2025-10-23 11:42:26 --> Session: Class initialized using 'CodeIgniter\Session\Handlers\FileHandler' driver.
INFO - 2025-10-23 11:42:27 --> Session: Class initialized using 'CodeIgniter\Session\Handlers\FileHandler' driver.
INFO - 2025-10-23 11:42:28 --> Session: Class initialized using 'CodeIgniter\Session\Handlers\FileHandler' driver.
INFO - 2025-10-23 11:42:28 --> Session: Class initialized using 'CodeIgniter\Session\Handlers\FileHandler' driver.
INFO - 2025-10-23 11:43:01 --> Session: Class initialized using 'CodeIgniter\Session\Handlers\FileHandler' driver.
INFO - 2025-10-23 11:43:08 --> Session: Class initialized using 'CodeIgniter\Session\Handlers\FileHandler' driver.
INFO - 2025-10-23 11:43:23 --> Session: Class initialized using 'CodeIgniter\Session\Handlers\FileHandler' driver.
INFO - 2025-10-23 11:43:47 --> Session: Class initialized using 'CodeIgniter\Session\Handlers\FileHandler' driver.
INFO - 2025-10-23 11:44:03 --> Session: Class initialized using 'CodeIgniter\Session\Handlers\FileHandler' driver.
INFO - 2025-10-23 11:44:11 --> Session: Class initialized using 'CodeIgniter\Session\Handlers\FileHandler' driver.
INFO - 2025-10-23 11:44:48 --> Session: Class initialized using 'CodeIgniter\Session\Handlers\FileHandler' driver.
INFO - 2025-10-23 11:45:02 --> Session: Class initialized using 'CodeIgniter\Session\Handlers\FileHandler' driver.
INFO - 2025-10-23 11:45:37 --> Session: Class initialized using 'CodeIgniter\Session\Handlers\FileHandler' driver.
INFO - 2025-10-23 11:45:49 --> Session: Class initialized using 'CodeIgniter\Session\Handlers\FileHandler' driver.
INFO - 2025-10-23 11:45:55 --> Session: Class initialized using 'CodeIgniter\Session\Handlers\FileHandler' driver.
INFO - 2025-10-23 11:46:01 --> Session: Class initialized using 'CodeIgniter\Session\Handlers\FileHandler' driver.
INFO - 2025-10-23 11:46:19 --> Session: Class initialized using 'CodeIgniter\Session\Handlers\FileHandler' driver.
INFO - 2025-10-23 11:47:53 --> Session: Class initialized using 'CodeIgniter\Session\Handlers\FileHandler' driver.
INFO - 2025-10-23 11:49:14 --> Session: Class initialized using 'CodeIgniter\Session\Handlers\FileHandler' driver.
INFO - 2025-10-23 11:50:01 --> Session: Class initialized using 'CodeIgniter\Session\Handlers\FileHandler' driver.
INFO - 2025-10-23 11:50:59 --> Session: Class initialized using 'CodeIgniter\Session\Handlers\FileHandler' driver.
